# Logfile created on 2017-12-06 16:43:08 -0500 by logger.rb/54362
  INFO ---------------------------------------------------------------------------
  INFO START 2017-12-06 16:43:08 -0500 cap staging deploy
  INFO ---------------------------------------------------------------------------
  INFO ---------------------------------------------------------------------------
  INFO START 2017-12-06 16:44:39 -0500 cap production deploy
  INFO ---------------------------------------------------------------------------
  INFO ---------------------------------------------------------------------------
  INFO START 2017-12-06 18:45:33 -0500 cap production deploy
  INFO ---------------------------------------------------------------------------
  INFO [442f6d63] Running /usr/bin/env mkdir -p /tmp as u87627064@home661400636.1and1-data.host
 DEBUG [442f6d63] Command: /usr/bin/env mkdir -p /tmp
  INFO [650a5996] Running /usr/bin/env #<StringIO:0x007f83104e2010> /tmp/git-ssh-phi-production-courtneywilliams.sh as u87627064@home661400636.1and1-data.host
 DEBUG [650a5996] Command: /usr/bin/env #<StringIO:0x007f83104e2010> /tmp/git-ssh-phi-production-courtneywilliams.sh
  INFO [a1ed798c] Running /usr/bin/env chmod 700 /tmp/git-ssh-phi-production-courtneywilliams.sh as u87627064@home661400636.1and1-data.host
 DEBUG [a1ed798c] Command: /usr/bin/env chmod 700 /tmp/git-ssh-phi-production-courtneywilliams.sh
  INFO [595bff51] Running /usr/bin/env git ls-remote git@github.com:williamsc51/phi.git HEAD as u87627064@home661400636.1and1-data.host
 DEBUG [595bff51] Command: ( export GIT_ASKPASS="/bin/echo" GIT_SSH="/tmp/git-ssh-phi-production-courtneywilliams.sh" ; /usr/bin/env git ls-remote git@github.com:williamsc51/phi.git HEAD )
  INFO [4db9e5fb] Running /usr/bin/env mkdir -p /kunden/homepages/45/d661400636/htdocs/phi/shared /kunden/homepages/45/d661400636/htdocs/phi/releases as u87627064@home661400636.1and1-data.host
 DEBUG [4db9e5fb] Command: /usr/bin/env mkdir -p /kunden/homepages/45/d661400636/htdocs/phi/shared /kunden/homepages/45/d661400636/htdocs/phi/releases
  INFO [6ebd9d7a] Running /usr/bin/env mkdir -p /kunden/homepages/45/d661400636/htdocs/phi/shared/log /kunden/homepages/45/d661400636/htdocs/phi/shared/tmp/pids /kunden/homepages/45/d661400636/htdocs/phi/shared/tmp/cache /kunden/homepages/45/d661400636/htdocs/phi/shared/tmp/sockets /kunden/homepages/45/d661400636/htdocs/phi/shared/public/system as u87627064@home661400636.1and1-data.host
 DEBUG [6ebd9d7a] Command: /usr/bin/env mkdir -p /kunden/homepages/45/d661400636/htdocs/phi/shared/log /kunden/homepages/45/d661400636/htdocs/phi/shared/tmp/pids /kunden/homepages/45/d661400636/htdocs/phi/shared/tmp/cache /kunden/homepages/45/d661400636/htdocs/phi/shared/tmp/sockets /kunden/homepages/45/d661400636/htdocs/phi/shared/public/system
 DEBUG [f94bd9ea] Running [ -f /kunden/homepages/45/d661400636/htdocs/phi/current/REVISION ] as u87627064@home661400636.1and1-data.host
 DEBUG [f94bd9ea] Command: [ -f /kunden/homepages/45/d661400636/htdocs/phi/current/REVISION ]
 DEBUG [7cf08969] Running /usr/bin/env cat /kunden/homepages/45/d661400636/htdocs/phi/current/REVISION 2>/dev/null as u87627064@home661400636.1and1-data.host
 DEBUG [7cf08969] Command: /usr/bin/env cat /kunden/homepages/45/d661400636/htdocs/phi/current/REVISION 2>/dev/null
 DEBUG [9e7b8ac1] Running [ -f /kunden/homepages/45/d661400636/htdocs/phi/repo/HEAD ] as u87627064@home661400636.1and1-data.host
 DEBUG [9e7b8ac1] Command: [ -f /kunden/homepages/45/d661400636/htdocs/phi/repo/HEAD ]
  INFO The repository mirror is at /kunden/homepages/45/d661400636/htdocs/phi/repo
 DEBUG [1177d673] Running if test ! -d /kunden/homepages/45/d661400636/htdocs/phi/repo; then echo "Directory does not exist '/kunden/homepages/45/d661400636/htdocs/phi/repo'" 1>&2; false; fi as u87627064@home661400636.1and1-data.host
 DEBUG [1177d673] Command: if test ! -d /kunden/homepages/45/d661400636/htdocs/phi/repo; then echo "Directory does not exist '/kunden/homepages/45/d661400636/htdocs/phi/repo'" 1>&2; false; fi
  INFO [c5a52772] Running /usr/bin/env git remote set-url origin git@github.com:williamsc51/phi.git as u87627064@home661400636.1and1-data.host
 DEBUG [c5a52772] Command: cd /kunden/homepages/45/d661400636/htdocs/phi/repo && ( export GIT_ASKPASS="/bin/echo" GIT_SSH="/tmp/git-ssh-phi-production-courtneywilliams.sh" ; /usr/bin/env git remote set-url origin git@github.com:williamsc51/phi.git )
  INFO [f1565963] Running /usr/bin/env git remote update --prune as u87627064@home661400636.1and1-data.host
 DEBUG [f1565963] Command: cd /kunden/homepages/45/d661400636/htdocs/phi/repo && ( export GIT_ASKPASS="/bin/echo" GIT_SSH="/tmp/git-ssh-phi-production-courtneywilliams.sh" ; /usr/bin/env git remote update --prune )
 DEBUG [c953ff02] Running if test ! -d /kunden/homepages/45/d661400636/htdocs/phi/repo; then echo "Directory does not exist '/kunden/homepages/45/d661400636/htdocs/phi/repo'" 1>&2; false; fi as u87627064@home661400636.1and1-data.host
 DEBUG [c953ff02] Command: if test ! -d /kunden/homepages/45/d661400636/htdocs/phi/repo; then echo "Directory does not exist '/kunden/homepages/45/d661400636/htdocs/phi/repo'" 1>&2; false; fi
  INFO [c11d3872] Running /usr/bin/env mkdir -p /kunden/homepages/45/d661400636/htdocs/phi/releases/20171206234534 as u87627064@home661400636.1and1-data.host
 DEBUG [c11d3872] Command: cd /kunden/homepages/45/d661400636/htdocs/phi/repo && ( export GIT_ASKPASS="/bin/echo" GIT_SSH="/tmp/git-ssh-phi-production-courtneywilliams.sh" ; /usr/bin/env mkdir -p /kunden/homepages/45/d661400636/htdocs/phi/releases/20171206234534 )
  INFO [e2382c9e] Running /usr/bin/env git archive master | /usr/bin/env tar -x -f - -C /kunden/homepages/45/d661400636/htdocs/phi/releases/20171206234534 as u87627064@home661400636.1and1-data.host
 DEBUG [e2382c9e] Command: cd /kunden/homepages/45/d661400636/htdocs/phi/repo && ( export GIT_ASKPASS="/bin/echo" GIT_SSH="/tmp/git-ssh-phi-production-courtneywilliams.sh" ; /usr/bin/env git archive master | /usr/bin/env tar -x -f - -C /kunden/homepages/45/d661400636/htdocs/phi/releases/20171206234534 )
 DEBUG [bb05795f] Running if test ! -d /kunden/homepages/45/d661400636/htdocs/phi/repo; then echo "Directory does not exist '/kunden/homepages/45/d661400636/htdocs/phi/repo'" 1>&2; false; fi as u87627064@home661400636.1and1-data.host
 DEBUG [bb05795f] Command: if test ! -d /kunden/homepages/45/d661400636/htdocs/phi/repo; then echo "Directory does not exist '/kunden/homepages/45/d661400636/htdocs/phi/repo'" 1>&2; false; fi
 DEBUG [461e5bd6] Running /usr/bin/env git rev-list --max-count=1 master as u87627064@home661400636.1and1-data.host
 DEBUG [461e5bd6] Command: cd /kunden/homepages/45/d661400636/htdocs/phi/repo && ( export GIT_ASKPASS="/bin/echo" GIT_SSH="/tmp/git-ssh-phi-production-courtneywilliams.sh" ; /usr/bin/env git rev-list --max-count=1 master )
 DEBUG [4697882c] Running if test ! -d /kunden/homepages/45/d661400636/htdocs/phi/releases/20171206234534; then echo "Directory does not exist '/kunden/homepages/45/d661400636/htdocs/phi/releases/20171206234534'" 1>&2; false; fi as u87627064@home661400636.1and1-data.host
 DEBUG [4697882c] Command: if test ! -d /kunden/homepages/45/d661400636/htdocs/phi/releases/20171206234534; then echo "Directory does not exist '/kunden/homepages/45/d661400636/htdocs/phi/releases/20171206234534'" 1>&2; false; fi
  INFO [fd0bc7b6] Running /usr/bin/env echo "" >> REVISION as u87627064@home661400636.1and1-data.host
 DEBUG [fd0bc7b6] Command: cd /kunden/homepages/45/d661400636/htdocs/phi/releases/20171206234534 && /usr/bin/env echo "" >> REVISION
  INFO [ee28ceaf] Running /usr/bin/env mkdir -p /kunden/homepages/45/d661400636/htdocs/phi/releases/20171206234534 /kunden/homepages/45/d661400636/htdocs/phi/releases/20171206234534/tmp /kunden/homepages/45/d661400636/htdocs/phi/releases/20171206234534/public as u87627064@home661400636.1and1-data.host
 DEBUG [ee28ceaf] Command: /usr/bin/env mkdir -p /kunden/homepages/45/d661400636/htdocs/phi/releases/20171206234534 /kunden/homepages/45/d661400636/htdocs/phi/releases/20171206234534/tmp /kunden/homepages/45/d661400636/htdocs/phi/releases/20171206234534/public
 DEBUG [2f142e63] Running [ -L /kunden/homepages/45/d661400636/htdocs/phi/releases/20171206234534/log ] as u87627064@home661400636.1and1-data.host
 DEBUG [2f142e63] Command: [ -L /kunden/homepages/45/d661400636/htdocs/phi/releases/20171206234534/log ]
 DEBUG [de4f2470] Running [ -L /kunden/homepages/45/d661400636/htdocs/phi/releases/20171206234534/tmp/pids ] as u87627064@home661400636.1and1-data.host
 DEBUG [de4f2470] Command: [ -L /kunden/homepages/45/d661400636/htdocs/phi/releases/20171206234534/tmp/pids ]
 DEBUG [d4b8a796] Running [ -L /kunden/homepages/45/d661400636/htdocs/phi/releases/20171206234534/tmp/cache ] as u87627064@home661400636.1and1-data.host
 DEBUG [d4b8a796] Command: [ -L /kunden/homepages/45/d661400636/htdocs/phi/releases/20171206234534/tmp/cache ]
 DEBUG [dc4f4a6b] Running [ -L /kunden/homepages/45/d661400636/htdocs/phi/releases/20171206234534/tmp/sockets ] as u87627064@home661400636.1and1-data.host
 DEBUG [dc4f4a6b] Command: [ -L /kunden/homepages/45/d661400636/htdocs/phi/releases/20171206234534/tmp/sockets ]
 DEBUG [4973f0a2] Running [ -L /kunden/homepages/45/d661400636/htdocs/phi/releases/20171206234534/public/system ] as u87627064@home661400636.1and1-data.host
 DEBUG [4973f0a2] Command: [ -L /kunden/homepages/45/d661400636/htdocs/phi/releases/20171206234534/public/system ]
  INFO [b56aeca4] Running /usr/bin/env ln -s /kunden/homepages/45/d661400636/htdocs/phi/releases/20171206234534 /kunden/homepages/45/d661400636/htdocs/phi/releases/current as u87627064@home661400636.1and1-data.host
 DEBUG [b56aeca4] Command: /usr/bin/env ln -s /kunden/homepages/45/d661400636/htdocs/phi/releases/20171206234534 /kunden/homepages/45/d661400636/htdocs/phi/releases/current
  INFO [c25f315a] Running /usr/bin/env mv /kunden/homepages/45/d661400636/htdocs/phi/releases/current /kunden/homepages/45/d661400636/htdocs/phi as u87627064@home661400636.1and1-data.host
 DEBUG [c25f315a] Command: /usr/bin/env mv /kunden/homepages/45/d661400636/htdocs/phi/releases/current /kunden/homepages/45/d661400636/htdocs/phi
 DEBUG [a9701deb] Running /usr/bin/env ls -x /kunden/homepages/45/d661400636/htdocs/phi/releases as u87627064@home661400636.1and1-data.host
 DEBUG [a9701deb] Command: /usr/bin/env ls -x /kunden/homepages/45/d661400636/htdocs/phi/releases
 DEBUG [356c64ff] Running if test ! -d /kunden/homepages/45/d661400636/htdocs/phi/releases; then echo "Directory does not exist '/kunden/homepages/45/d661400636/htdocs/phi/releases'" 1>&2; false; fi as u87627064@home661400636.1and1-data.host
 DEBUG [356c64ff] Command: if test ! -d /kunden/homepages/45/d661400636/htdocs/phi/releases; then echo "Directory does not exist '/kunden/homepages/45/d661400636/htdocs/phi/releases'" 1>&2; false; fi
  INFO [a5eaa041] Running /usr/bin/env echo "Branch master (at ) deployed as release 20171206234534 by courtneywilliams" >> /kunden/homepages/45/d661400636/htdocs/phi/revisions.log as u87627064@home661400636.1and1-data.host
 DEBUG [a5eaa041] Command: cd /kunden/homepages/45/d661400636/htdocs/phi/releases && /usr/bin/env echo "Branch master (at ) deployed as release 20171206234534 by courtneywilliams" >> /kunden/homepages/45/d661400636/htdocs/phi/revisions.log
  INFO ---------------------------------------------------------------------------
  INFO START 2017-12-06 18:45:48 -0500 cap production deploy
  INFO ---------------------------------------------------------------------------
  INFO [67cbcdd9] Running /usr/bin/env mkdir -p /tmp as u87627064@home661400636.1and1-data.host
 DEBUG [67cbcdd9] Command: /usr/bin/env mkdir -p /tmp
  INFO [67cbcdd9] Finished in 18.980 seconds with exit status 0 (successful).
 DEBUG Uploading /tmp/git-ssh-phi-production-courtneywilliams.sh 0.0%
  INFO Uploading /tmp/git-ssh-phi-production-courtneywilliams.sh 100.0%
  INFO [828dc5a6] Running /usr/bin/env chmod 700 /tmp/git-ssh-phi-production-courtneywilliams.sh as u87627064@home661400636.1and1-data.host
 DEBUG [828dc5a6] Command: /usr/bin/env chmod 700 /tmp/git-ssh-phi-production-courtneywilliams.sh
  INFO [828dc5a6] Finished in 0.290 seconds with exit status 0 (successful).
  INFO [bad2a61f] Running /usr/bin/env git ls-remote git@github.com:williamsc51/phi.git HEAD as u87627064@home661400636.1and1-data.host
 DEBUG [bad2a61f] Command: ( export GIT_ASKPASS="/bin/echo" GIT_SSH="/tmp/git-ssh-phi-production-courtneywilliams.sh" ; /usr/bin/env git ls-remote git@github.com:williamsc51/phi.git HEAD )
 DEBUG [bad2a61f] 	fatal: cannot exec '/tmp/git-ssh-phi-production-courtneywilliams.sh': Permission denied
 DEBUG [bad2a61f] 	fatal: unable to fork
  INFO ---------------------------------------------------------------------------
  INFO START 2017-12-06 19:30:02 -0500 cap production deploy
  INFO ---------------------------------------------------------------------------
  INFO [ddbd72d2] Running /usr/bin/env mkdir -p /tmp as dbo713587316@db713587316.db.1and1.com
 DEBUG [ddbd72d2] Command: /usr/bin/env mkdir -p /tmp
  INFO [3adb2cc0] Running /usr/bin/env mkdir -p /tmp as u87627064@home661400636.1and1-data.host
 DEBUG [3adb2cc0] Command: /usr/bin/env mkdir -p /tmp
  INFO [3adb2cc0] Finished in 9.147 seconds with exit status 0 (successful).
 DEBUG Uploading /tmp/git-ssh-phi-production-courtneywilliams.sh 0.0%
  INFO Uploading /tmp/git-ssh-phi-production-courtneywilliams.sh 100.0%
  INFO [241edc33] Running /usr/bin/env chmod 700 /tmp/git-ssh-phi-production-courtneywilliams.sh as u87627064@home661400636.1and1-data.host
 DEBUG [241edc33] Command: /usr/bin/env chmod 700 /tmp/git-ssh-phi-production-courtneywilliams.sh
  INFO [241edc33] Finished in 0.384 seconds with exit status 0 (successful).
  INFO ---------------------------------------------------------------------------
  INFO START 2017-12-06 19:35:56 -0500 cap production deploy
  INFO ---------------------------------------------------------------------------
  INFO [b659aec3] Running /usr/bin/env mkdir -p /tmp as dbo713587316@db713587316.db.1and1.com
 DEBUG [b659aec3] Command: /usr/bin/env mkdir -p /tmp
  INFO [3d3424d8] Running /usr/bin/env mkdir -p /tmp as u87627064@home661400636.1and1-data.host
 DEBUG [3d3424d8] Command: /usr/bin/env mkdir -p /tmp
  INFO [3d3424d8] Finished in 10.823 seconds with exit status 0 (successful).
 DEBUG Uploading /tmp/git-ssh-phi-production-courtneywilliams.sh 0.0%
  INFO Uploading /tmp/git-ssh-phi-production-courtneywilliams.sh 100.0%
  INFO [a9058f3d] Running /usr/bin/env chmod 700 /tmp/git-ssh-phi-production-courtneywilliams.sh as u87627064@home661400636.1and1-data.host
 DEBUG [a9058f3d] Command: /usr/bin/env chmod 700 /tmp/git-ssh-phi-production-courtneywilliams.sh
  INFO [a9058f3d] Finished in 0.307 seconds with exit status 0 (successful).
  INFO ---------------------------------------------------------------------------
  INFO START 2017-12-06 19:37:14 -0500 cap production deploy
  INFO ---------------------------------------------------------------------------
  INFO [0c196e5c] Running /usr/bin/env mkdir -p /tmp as u87627064@home661400636.1and1-data.host
 DEBUG [0c196e5c] Command: /usr/bin/env mkdir -p /tmp
  INFO [0c196e5c] Finished in 14.446 seconds with exit status 0 (successful).
 DEBUG Uploading /tmp/git-ssh-phi-production-courtneywilliams.sh 0.0%
  INFO Uploading /tmp/git-ssh-phi-production-courtneywilliams.sh 100.0%
  INFO [9bc8d743] Running /usr/bin/env chmod 700 /tmp/git-ssh-phi-production-courtneywilliams.sh as u87627064@home661400636.1and1-data.host
 DEBUG [9bc8d743] Command: /usr/bin/env chmod 700 /tmp/git-ssh-phi-production-courtneywilliams.sh
  INFO [9bc8d743] Finished in 0.396 seconds with exit status 0 (successful).
  INFO [20098ff1] Running /usr/bin/env git ls-remote https://github.com/williamsc51/phi.git HEAD as u87627064@home661400636.1and1-data.host
 DEBUG [20098ff1] Command: ( export GIT_ASKPASS="/bin/echo" GIT_SSH="/tmp/git-ssh-phi-production-courtneywilliams.sh" ; /usr/bin/env git ls-remote https://github.com/williamsc51/phi.git HEAD )
 DEBUG [20098ff1] 	49461a614bdf71227ca99231d0a6131880649ba8	HEAD
  INFO [20098ff1] Finished in 0.617 seconds with exit status 0 (successful).
  INFO [5ad1c234] Running /usr/bin/env mkdir -p /kunden/homepages/45/d661400636/htdocs/phi/shared /kunden/homepages/45/d661400636/htdocs/phi/releases as u87627064@home661400636.1and1-data.host
 DEBUG [5ad1c234] Command: /usr/bin/env mkdir -p /kunden/homepages/45/d661400636/htdocs/phi/shared /kunden/homepages/45/d661400636/htdocs/phi/releases
  INFO [5ad1c234] Finished in 0.315 seconds with exit status 0 (successful).
  INFO [b3aa24ee] Running /usr/bin/env mkdir -p /kunden/homepages/45/d661400636/htdocs/phi/shared/log /kunden/homepages/45/d661400636/htdocs/phi/shared/tmp/pids /kunden/homepages/45/d661400636/htdocs/phi/shared/tmp/cache /kunden/homepages/45/d661400636/htdocs/phi/shared/tmp/sockets /kunden/homepages/45/d661400636/htdocs/phi/shared/public/system as u87627064@home661400636.1and1-data.host
 DEBUG [b3aa24ee] Command: /usr/bin/env mkdir -p /kunden/homepages/45/d661400636/htdocs/phi/shared/log /kunden/homepages/45/d661400636/htdocs/phi/shared/tmp/pids /kunden/homepages/45/d661400636/htdocs/phi/shared/tmp/cache /kunden/homepages/45/d661400636/htdocs/phi/shared/tmp/sockets /kunden/homepages/45/d661400636/htdocs/phi/shared/public/system
  INFO [b3aa24ee] Finished in 0.304 seconds with exit status 0 (successful).
 DEBUG [6e88d8f0] Running [ -f /kunden/homepages/45/d661400636/htdocs/phi/current/REVISION ] as u87627064@home661400636.1and1-data.host
 DEBUG [6e88d8f0] Command: [ -f /kunden/homepages/45/d661400636/htdocs/phi/current/REVISION ]
 DEBUG [6e88d8f0] Finished in 0.302 seconds with exit status 1 (failed).
 DEBUG [20faf79a] Running [ -f /kunden/homepages/45/d661400636/htdocs/phi/repo/HEAD ] as u87627064@home661400636.1and1-data.host
 DEBUG [20faf79a] Command: [ -f /kunden/homepages/45/d661400636/htdocs/phi/repo/HEAD ]
 DEBUG [20faf79a] Finished in 0.322 seconds with exit status 1 (failed).
 DEBUG [6ec684eb] Running if test ! -d /kunden/homepages/45/d661400636/htdocs/phi; then echo "Directory does not exist '/kunden/homepages/45/d661400636/htdocs/phi'" 1>&2; false; fi as u87627064@home661400636.1and1-data.host
 DEBUG [6ec684eb] Command: if test ! -d /kunden/homepages/45/d661400636/htdocs/phi; then echo "Directory does not exist '/kunden/homepages/45/d661400636/htdocs/phi'" 1>&2; false; fi
 DEBUG [6ec684eb] Finished in 0.403 seconds with exit status 0 (successful).
  INFO [14cf4ff6] Running /usr/bin/env git clone --mirror https://github.com/williamsc51/phi.git /kunden/homepages/45/d661400636/htdocs/phi/repo as u87627064@home661400636.1and1-data.host
 DEBUG [14cf4ff6] Command: cd /kunden/homepages/45/d661400636/htdocs/phi && ( export GIT_ASKPASS="/bin/echo" GIT_SSH="/tmp/git-ssh-phi-production-courtneywilliams.sh" ; /usr/bin/env git clone --mirror https://github.com/williamsc51/phi.git /kunden/homepages/45/d661400636/htdocs/phi/repo )
 DEBUG [14cf4ff6] 	Cloning into bare repository '/kunden/homepages/45/d661400636/htdocs/phi/repo'...
  INFO [14cf4ff6] Finished in 1.428 seconds with exit status 0 (successful).
 DEBUG [a481380b] Running if test ! -d /kunden/homepages/45/d661400636/htdocs/phi/repo; then echo "Directory does not exist '/kunden/homepages/45/d661400636/htdocs/phi/repo'" 1>&2; false; fi as u87627064@home661400636.1and1-data.host
 DEBUG [a481380b] Command: if test ! -d /kunden/homepages/45/d661400636/htdocs/phi/repo; then echo "Directory does not exist '/kunden/homepages/45/d661400636/htdocs/phi/repo'" 1>&2; false; fi
 DEBUG [a481380b] Finished in 0.311 seconds with exit status 0 (successful).
  INFO [f964936a] Running /usr/bin/env git remote set-url origin https://github.com/williamsc51/phi.git as u87627064@home661400636.1and1-data.host
 DEBUG [f964936a] Command: cd /kunden/homepages/45/d661400636/htdocs/phi/repo && ( export GIT_ASKPASS="/bin/echo" GIT_SSH="/tmp/git-ssh-phi-production-courtneywilliams.sh" ; /usr/bin/env git remote set-url origin https://github.com/williamsc51/phi.git )
  INFO [f964936a] Finished in 0.305 seconds with exit status 0 (successful).
  INFO [264bd298] Running /usr/bin/env git remote update --prune as u87627064@home661400636.1and1-data.host
 DEBUG [264bd298] Command: cd /kunden/homepages/45/d661400636/htdocs/phi/repo && ( export GIT_ASKPASS="/bin/echo" GIT_SSH="/tmp/git-ssh-phi-production-courtneywilliams.sh" ; /usr/bin/env git remote update --prune )
 DEBUG [264bd298] 	Fetching origin
  INFO [264bd298] Finished in 0.621 seconds with exit status 0 (successful).
 DEBUG [0abf031e] Running if test ! -d /kunden/homepages/45/d661400636/htdocs/phi/repo; then echo "Directory does not exist '/kunden/homepages/45/d661400636/htdocs/phi/repo'" 1>&2; false; fi as u87627064@home661400636.1and1-data.host
 DEBUG [0abf031e] Command: if test ! -d /kunden/homepages/45/d661400636/htdocs/phi/repo; then echo "Directory does not exist '/kunden/homepages/45/d661400636/htdocs/phi/repo'" 1>&2; false; fi
 DEBUG [0abf031e] Finished in 0.304 seconds with exit status 0 (successful).
  INFO [6904b95b] Running /usr/bin/env mkdir -p /kunden/homepages/45/d661400636/htdocs/phi/releases/20171207003731 as u87627064@home661400636.1and1-data.host
 DEBUG [6904b95b] Command: cd /kunden/homepages/45/d661400636/htdocs/phi/repo && ( export GIT_ASKPASS="/bin/echo" GIT_SSH="/tmp/git-ssh-phi-production-courtneywilliams.sh" ; /usr/bin/env mkdir -p /kunden/homepages/45/d661400636/htdocs/phi/releases/20171207003731 )
  INFO [6904b95b] Finished in 0.381 seconds with exit status 0 (successful).
  INFO [deb38636] Running /usr/bin/env git archive master | /usr/bin/env tar -x -f - -C /kunden/homepages/45/d661400636/htdocs/phi/releases/20171207003731 as u87627064@home661400636.1and1-data.host
 DEBUG [deb38636] Command: cd /kunden/homepages/45/d661400636/htdocs/phi/repo && ( export GIT_ASKPASS="/bin/echo" GIT_SSH="/tmp/git-ssh-phi-production-courtneywilliams.sh" ; /usr/bin/env git archive master | /usr/bin/env tar -x -f - -C /kunden/homepages/45/d661400636/htdocs/phi/releases/20171207003731 )
  INFO [deb38636] Finished in 0.403 seconds with exit status 0 (successful).
 DEBUG [7ab04f73] Running if test ! -d /kunden/homepages/45/d661400636/htdocs/phi/repo; then echo "Directory does not exist '/kunden/homepages/45/d661400636/htdocs/phi/repo'" 1>&2; false; fi as u87627064@home661400636.1and1-data.host
 DEBUG [7ab04f73] Command: if test ! -d /kunden/homepages/45/d661400636/htdocs/phi/repo; then echo "Directory does not exist '/kunden/homepages/45/d661400636/htdocs/phi/repo'" 1>&2; false; fi
 DEBUG [7ab04f73] Finished in 0.310 seconds with exit status 0 (successful).
 DEBUG [4fedd276] Running /usr/bin/env git rev-list --max-count=1 master as u87627064@home661400636.1and1-data.host
 DEBUG [4fedd276] Command: cd /kunden/homepages/45/d661400636/htdocs/phi/repo && ( export GIT_ASKPASS="/bin/echo" GIT_SSH="/tmp/git-ssh-phi-production-courtneywilliams.sh" ; /usr/bin/env git rev-list --max-count=1 master )
 DEBUG [4fedd276] 	49461a614bdf71227ca99231d0a6131880649ba8
 DEBUG [4fedd276] Finished in 0.321 seconds with exit status 0 (successful).
 DEBUG [f65a6b77] Running if test ! -d /kunden/homepages/45/d661400636/htdocs/phi/releases/20171207003731; then echo "Directory does not exist '/kunden/homepages/45/d661400636/htdocs/phi/releases/20171207003731'" 1>&2; false; fi as u87627064@home661400636.1and1-data.host
 DEBUG [f65a6b77] Command: if test ! -d /kunden/homepages/45/d661400636/htdocs/phi/releases/20171207003731; then echo "Directory does not exist '/kunden/homepages/45/d661400636/htdocs/phi/releases/20171207003731'" 1>&2; false; fi
 DEBUG [f65a6b77] Finished in 0.290 seconds with exit status 0 (successful).
  INFO [0655e020] Running /usr/bin/env echo "49461a614bdf71227ca99231d0a6131880649ba8" >> REVISION as u87627064@home661400636.1and1-data.host
 DEBUG [0655e020] Command: cd /kunden/homepages/45/d661400636/htdocs/phi/releases/20171207003731 && /usr/bin/env echo "49461a614bdf71227ca99231d0a6131880649ba8" >> REVISION
  INFO [0655e020] Finished in 0.323 seconds with exit status 0 (successful).
  INFO [e514b122] Running /usr/bin/env mkdir -p /kunden/homepages/45/d661400636/htdocs/phi/releases/20171207003731 /kunden/homepages/45/d661400636/htdocs/phi/releases/20171207003731/tmp /kunden/homepages/45/d661400636/htdocs/phi/releases/20171207003731/public as u87627064@home661400636.1and1-data.host
 DEBUG [e514b122] Command: /usr/bin/env mkdir -p /kunden/homepages/45/d661400636/htdocs/phi/releases/20171207003731 /kunden/homepages/45/d661400636/htdocs/phi/releases/20171207003731/tmp /kunden/homepages/45/d661400636/htdocs/phi/releases/20171207003731/public
  INFO [e514b122] Finished in 0.308 seconds with exit status 0 (successful).
 DEBUG [92ff20ae] Running [ -L /kunden/homepages/45/d661400636/htdocs/phi/releases/20171207003731/log ] as u87627064@home661400636.1and1-data.host
 DEBUG [92ff20ae] Command: [ -L /kunden/homepages/45/d661400636/htdocs/phi/releases/20171207003731/log ]
 DEBUG [92ff20ae] Finished in 0.291 seconds with exit status 1 (failed).
 DEBUG [7f2b5711] Running [ -d /kunden/homepages/45/d661400636/htdocs/phi/releases/20171207003731/log ] as u87627064@home661400636.1and1-data.host
 DEBUG [7f2b5711] Command: [ -d /kunden/homepages/45/d661400636/htdocs/phi/releases/20171207003731/log ]
 DEBUG [7f2b5711] Finished in 0.313 seconds with exit status 0 (successful).
  INFO [b1839c57] Running /usr/bin/env rm -rf /kunden/homepages/45/d661400636/htdocs/phi/releases/20171207003731/log as u87627064@home661400636.1and1-data.host
 DEBUG [b1839c57] Command: /usr/bin/env rm -rf /kunden/homepages/45/d661400636/htdocs/phi/releases/20171207003731/log
  INFO [b1839c57] Finished in 0.298 seconds with exit status 0 (successful).
  INFO [f6c7b45c] Running /usr/bin/env ln -s /kunden/homepages/45/d661400636/htdocs/phi/shared/log /kunden/homepages/45/d661400636/htdocs/phi/releases/20171207003731/log as u87627064@home661400636.1and1-data.host
 DEBUG [f6c7b45c] Command: /usr/bin/env ln -s /kunden/homepages/45/d661400636/htdocs/phi/shared/log /kunden/homepages/45/d661400636/htdocs/phi/releases/20171207003731/log
  INFO [f6c7b45c] Finished in 0.297 seconds with exit status 0 (successful).
 DEBUG [96259336] Running [ -L /kunden/homepages/45/d661400636/htdocs/phi/releases/20171207003731/tmp/pids ] as u87627064@home661400636.1and1-data.host
 DEBUG [96259336] Command: [ -L /kunden/homepages/45/d661400636/htdocs/phi/releases/20171207003731/tmp/pids ]
 DEBUG [96259336] Finished in 0.303 seconds with exit status 1 (failed).
 DEBUG [7c72f963] Running [ -d /kunden/homepages/45/d661400636/htdocs/phi/releases/20171207003731/tmp/pids ] as u87627064@home661400636.1and1-data.host
 DEBUG [7c72f963] Command: [ -d /kunden/homepages/45/d661400636/htdocs/phi/releases/20171207003731/tmp/pids ]
 DEBUG [7c72f963] Finished in 0.306 seconds with exit status 1 (failed).
  INFO [10db48a0] Running /usr/bin/env ln -s /kunden/homepages/45/d661400636/htdocs/phi/shared/tmp/pids /kunden/homepages/45/d661400636/htdocs/phi/releases/20171207003731/tmp/pids as u87627064@home661400636.1and1-data.host
 DEBUG [10db48a0] Command: /usr/bin/env ln -s /kunden/homepages/45/d661400636/htdocs/phi/shared/tmp/pids /kunden/homepages/45/d661400636/htdocs/phi/releases/20171207003731/tmp/pids
  INFO [10db48a0] Finished in 0.308 seconds with exit status 0 (successful).
 DEBUG [ee44541d] Running [ -L /kunden/homepages/45/d661400636/htdocs/phi/releases/20171207003731/tmp/cache ] as u87627064@home661400636.1and1-data.host
 DEBUG [ee44541d] Command: [ -L /kunden/homepages/45/d661400636/htdocs/phi/releases/20171207003731/tmp/cache ]
 DEBUG [ee44541d] Finished in 0.347 seconds with exit status 1 (failed).
 DEBUG [7900bf20] Running [ -d /kunden/homepages/45/d661400636/htdocs/phi/releases/20171207003731/tmp/cache ] as u87627064@home661400636.1and1-data.host
 DEBUG [7900bf20] Command: [ -d /kunden/homepages/45/d661400636/htdocs/phi/releases/20171207003731/tmp/cache ]
 DEBUG [7900bf20] Finished in 0.306 seconds with exit status 1 (failed).
  INFO [291e05fb] Running /usr/bin/env ln -s /kunden/homepages/45/d661400636/htdocs/phi/shared/tmp/cache /kunden/homepages/45/d661400636/htdocs/phi/releases/20171207003731/tmp/cache as u87627064@home661400636.1and1-data.host
 DEBUG [291e05fb] Command: /usr/bin/env ln -s /kunden/homepages/45/d661400636/htdocs/phi/shared/tmp/cache /kunden/homepages/45/d661400636/htdocs/phi/releases/20171207003731/tmp/cache
  INFO [291e05fb] Finished in 0.306 seconds with exit status 0 (successful).
 DEBUG [c0934976] Running [ -L /kunden/homepages/45/d661400636/htdocs/phi/releases/20171207003731/tmp/sockets ] as u87627064@home661400636.1and1-data.host
 DEBUG [c0934976] Command: [ -L /kunden/homepages/45/d661400636/htdocs/phi/releases/20171207003731/tmp/sockets ]
 DEBUG [c0934976] Finished in 0.303 seconds with exit status 1 (failed).
 DEBUG [98fad857] Running [ -d /kunden/homepages/45/d661400636/htdocs/phi/releases/20171207003731/tmp/sockets ] as u87627064@home661400636.1and1-data.host
 DEBUG [98fad857] Command: [ -d /kunden/homepages/45/d661400636/htdocs/phi/releases/20171207003731/tmp/sockets ]
 DEBUG [98fad857] Finished in 0.290 seconds with exit status 1 (failed).
  INFO [574fd675] Running /usr/bin/env ln -s /kunden/homepages/45/d661400636/htdocs/phi/shared/tmp/sockets /kunden/homepages/45/d661400636/htdocs/phi/releases/20171207003731/tmp/sockets as u87627064@home661400636.1and1-data.host
 DEBUG [574fd675] Command: /usr/bin/env ln -s /kunden/homepages/45/d661400636/htdocs/phi/shared/tmp/sockets /kunden/homepages/45/d661400636/htdocs/phi/releases/20171207003731/tmp/sockets
  INFO [574fd675] Finished in 0.293 seconds with exit status 0 (successful).
 DEBUG [c1b817d1] Running [ -L /kunden/homepages/45/d661400636/htdocs/phi/releases/20171207003731/public/system ] as u87627064@home661400636.1and1-data.host
 DEBUG [c1b817d1] Command: [ -L /kunden/homepages/45/d661400636/htdocs/phi/releases/20171207003731/public/system ]
 DEBUG [c1b817d1] Finished in 0.300 seconds with exit status 1 (failed).
 DEBUG [d74d6b12] Running [ -d /kunden/homepages/45/d661400636/htdocs/phi/releases/20171207003731/public/system ] as u87627064@home661400636.1and1-data.host
 DEBUG [d74d6b12] Command: [ -d /kunden/homepages/45/d661400636/htdocs/phi/releases/20171207003731/public/system ]
 DEBUG [d74d6b12] Finished in 0.305 seconds with exit status 1 (failed).
  INFO [07ed4add] Running /usr/bin/env ln -s /kunden/homepages/45/d661400636/htdocs/phi/shared/public/system /kunden/homepages/45/d661400636/htdocs/phi/releases/20171207003731/public/system as u87627064@home661400636.1and1-data.host
 DEBUG [07ed4add] Command: /usr/bin/env ln -s /kunden/homepages/45/d661400636/htdocs/phi/shared/public/system /kunden/homepages/45/d661400636/htdocs/phi/releases/20171207003731/public/system
  INFO [07ed4add] Finished in 0.304 seconds with exit status 0 (successful).
  INFO [7e088684] Running /usr/bin/env ln -s /kunden/homepages/45/d661400636/htdocs/phi/releases/20171207003731 /kunden/homepages/45/d661400636/htdocs/phi/releases/current as u87627064@home661400636.1and1-data.host
 DEBUG [7e088684] Command: /usr/bin/env ln -s /kunden/homepages/45/d661400636/htdocs/phi/releases/20171207003731 /kunden/homepages/45/d661400636/htdocs/phi/releases/current
  INFO [7e088684] Finished in 0.306 seconds with exit status 0 (successful).
  INFO [99f673e1] Running /usr/bin/env mv /kunden/homepages/45/d661400636/htdocs/phi/releases/current /kunden/homepages/45/d661400636/htdocs/phi as u87627064@home661400636.1and1-data.host
 DEBUG [99f673e1] Command: /usr/bin/env mv /kunden/homepages/45/d661400636/htdocs/phi/releases/current /kunden/homepages/45/d661400636/htdocs/phi
  INFO [99f673e1] Finished in 0.306 seconds with exit status 0 (successful).
 DEBUG [52274e55] Running /usr/bin/env ls -x /kunden/homepages/45/d661400636/htdocs/phi/releases as u87627064@home661400636.1and1-data.host
 DEBUG [52274e55] Command: /usr/bin/env ls -x /kunden/homepages/45/d661400636/htdocs/phi/releases
 DEBUG [52274e55] 	20171207003731
 DEBUG [52274e55] Finished in 0.308 seconds with exit status 0 (successful).
 DEBUG [2e23009f] Running if test ! -d /kunden/homepages/45/d661400636/htdocs/phi/releases; then echo "Directory does not exist '/kunden/homepages/45/d661400636/htdocs/phi/releases'" 1>&2; false; fi as u87627064@home661400636.1and1-data.host
 DEBUG [2e23009f] Command: if test ! -d /kunden/homepages/45/d661400636/htdocs/phi/releases; then echo "Directory does not exist '/kunden/homepages/45/d661400636/htdocs/phi/releases'" 1>&2; false; fi
 DEBUG [2e23009f] Finished in 0.305 seconds with exit status 0 (successful).
  INFO [f7ecfb09] Running /usr/bin/env echo "Branch master (at 49461a614bdf71227ca99231d0a6131880649ba8) deployed as release 20171207003731 by courtneywilliams" >> /kunden/homepages/45/d661400636/htdocs/phi/revisions.log as u87627064@home661400636.1and1-data.host
 DEBUG [f7ecfb09] Command: cd /kunden/homepages/45/d661400636/htdocs/phi/releases && /usr/bin/env echo "Branch master (at 49461a614bdf71227ca99231d0a6131880649ba8) deployed as release 20171207003731 by courtneywilliams" >> /kunden/homepages/45/d661400636/htdocs/phi/revisions.log
  INFO [f7ecfb09] Finished in 0.305 seconds with exit status 0 (successful).
  INFO ---------------------------------------------------------------------------
  INFO START 2017-12-07 12:33:29 -0500 cap production deploy
  INFO ---------------------------------------------------------------------------
  INFO [3cedb57f] Running /usr/bin/env mkdir -p /tmp as u87627064@home661400636.1and1-data.host
 DEBUG [3cedb57f] Command: /usr/bin/env mkdir -p /tmp
  INFO [3cedb57f] Finished in 9.739 seconds with exit status 0 (successful).
 DEBUG Uploading /tmp/git-ssh-phi-production-courtneywilliams.sh 0.0%
  INFO Uploading /tmp/git-ssh-phi-production-courtneywilliams.sh 100.0%
  INFO [6e5f8de2] Running /usr/bin/env chmod 700 /tmp/git-ssh-phi-production-courtneywilliams.sh as u87627064@home661400636.1and1-data.host
 DEBUG [6e5f8de2] Command: /usr/bin/env chmod 700 /tmp/git-ssh-phi-production-courtneywilliams.sh
  INFO [6e5f8de2] Finished in 0.413 seconds with exit status 0 (successful).
  INFO [7594e190] Running /usr/bin/env git ls-remote https://github.com/williamsc51/phi.git HEAD as u87627064@home661400636.1and1-data.host
 DEBUG [7594e190] Command: ( export GIT_ASKPASS="/bin/echo" GIT_SSH="/tmp/git-ssh-phi-production-courtneywilliams.sh" ; /usr/bin/env git ls-remote https://github.com/williamsc51/phi.git HEAD )
 DEBUG [7594e190] 	49461a614bdf71227ca99231d0a6131880649ba8	HEAD
  INFO [7594e190] Finished in 0.935 seconds with exit status 0 (successful).
  INFO [ac57fe69] Running /usr/bin/env mkdir -p /kunden/homepages/45/d661400636/htdocs/phi/phi_cap/shared /kunden/homepages/45/d661400636/htdocs/phi/phi_cap/releases as u87627064@home661400636.1and1-data.host
 DEBUG [ac57fe69] Command: /usr/bin/env mkdir -p /kunden/homepages/45/d661400636/htdocs/phi/phi_cap/shared /kunden/homepages/45/d661400636/htdocs/phi/phi_cap/releases
  INFO [ac57fe69] Finished in 0.471 seconds with exit status 0 (successful).
  INFO [2e5a5414] Running /usr/bin/env mkdir -p /kunden/homepages/45/d661400636/htdocs/phi/phi_cap/shared/log /kunden/homepages/45/d661400636/htdocs/phi/phi_cap/shared/tmp/pids /kunden/homepages/45/d661400636/htdocs/phi/phi_cap/shared/tmp/cache /kunden/homepages/45/d661400636/htdocs/phi/phi_cap/shared/tmp/sockets /kunden/homepages/45/d661400636/htdocs/phi/phi_cap/shared/public/system as u87627064@home661400636.1and1-data.host
 DEBUG [2e5a5414] Command: /usr/bin/env mkdir -p /kunden/homepages/45/d661400636/htdocs/phi/phi_cap/shared/log /kunden/homepages/45/d661400636/htdocs/phi/phi_cap/shared/tmp/pids /kunden/homepages/45/d661400636/htdocs/phi/phi_cap/shared/tmp/cache /kunden/homepages/45/d661400636/htdocs/phi/phi_cap/shared/tmp/sockets /kunden/homepages/45/d661400636/htdocs/phi/phi_cap/shared/public/system
  INFO [2e5a5414] Finished in 0.510 seconds with exit status 0 (successful).
 DEBUG [75af28fd] Running [ -f /kunden/homepages/45/d661400636/htdocs/phi/phi_cap/current/REVISION ] as u87627064@home661400636.1and1-data.host
 DEBUG [75af28fd] Command: [ -f /kunden/homepages/45/d661400636/htdocs/phi/phi_cap/current/REVISION ]
 DEBUG [75af28fd] Finished in 0.484 seconds with exit status 1 (failed).
 DEBUG [e1d3d679] Running [ -f /kunden/homepages/45/d661400636/htdocs/phi/phi_cap/repo/HEAD ] as u87627064@home661400636.1and1-data.host
 DEBUG [e1d3d679] Command: [ -f /kunden/homepages/45/d661400636/htdocs/phi/phi_cap/repo/HEAD ]
 DEBUG [e1d3d679] Finished in 0.677 seconds with exit status 1 (failed).
 DEBUG [3210fd8a] Running if test ! -d /kunden/homepages/45/d661400636/htdocs/phi/phi_cap; then echo "Directory does not exist '/kunden/homepages/45/d661400636/htdocs/phi/phi_cap'" 1>&2; false; fi as u87627064@home661400636.1and1-data.host
 DEBUG [3210fd8a] Command: if test ! -d /kunden/homepages/45/d661400636/htdocs/phi/phi_cap; then echo "Directory does not exist '/kunden/homepages/45/d661400636/htdocs/phi/phi_cap'" 1>&2; false; fi
 DEBUG [3210fd8a] Finished in 0.457 seconds with exit status 0 (successful).
  INFO [163e770d] Running /usr/bin/env git clone --mirror https://github.com/williamsc51/phi.git /kunden/homepages/45/d661400636/htdocs/phi/phi_cap/repo as u87627064@home661400636.1and1-data.host
 DEBUG [163e770d] Command: cd /kunden/homepages/45/d661400636/htdocs/phi/phi_cap && ( export GIT_ASKPASS="/bin/echo" GIT_SSH="/tmp/git-ssh-phi-production-courtneywilliams.sh" ; /usr/bin/env git clone --mirror https://github.com/williamsc51/phi.git /kunden/homepages/45/d661400636/htdocs/phi/phi_cap/repo )
 DEBUG [163e770d] 	Cloning into bare repository '/kunden/homepages/45/d661400636/htdocs/phi/phi_cap/repo'...
  INFO [163e770d] Finished in 1.595 seconds with exit status 0 (successful).
 DEBUG [5e6d25df] Running if test ! -d /kunden/homepages/45/d661400636/htdocs/phi/phi_cap/repo; then echo "Directory does not exist '/kunden/homepages/45/d661400636/htdocs/phi/phi_cap/repo'" 1>&2; false; fi as u87627064@home661400636.1and1-data.host
 DEBUG [5e6d25df] Command: if test ! -d /kunden/homepages/45/d661400636/htdocs/phi/phi_cap/repo; then echo "Directory does not exist '/kunden/homepages/45/d661400636/htdocs/phi/phi_cap/repo'" 1>&2; false; fi
 DEBUG [5e6d25df] Finished in 0.511 seconds with exit status 0 (successful).
  INFO [2bffdf38] Running /usr/bin/env git remote set-url origin https://github.com/williamsc51/phi.git as u87627064@home661400636.1and1-data.host
 DEBUG [2bffdf38] Command: cd /kunden/homepages/45/d661400636/htdocs/phi/phi_cap/repo && ( export GIT_ASKPASS="/bin/echo" GIT_SSH="/tmp/git-ssh-phi-production-courtneywilliams.sh" ; /usr/bin/env git remote set-url origin https://github.com/williamsc51/phi.git )
  INFO [2bffdf38] Finished in 0.662 seconds with exit status 0 (successful).
  INFO [5d5a1a3f] Running /usr/bin/env git remote update --prune as u87627064@home661400636.1and1-data.host
 DEBUG [5d5a1a3f] Command: cd /kunden/homepages/45/d661400636/htdocs/phi/phi_cap/repo && ( export GIT_ASKPASS="/bin/echo" GIT_SSH="/tmp/git-ssh-phi-production-courtneywilliams.sh" ; /usr/bin/env git remote update --prune )
 DEBUG [5d5a1a3f] 	Fetching origin
  INFO [5d5a1a3f] Finished in 0.688 seconds with exit status 0 (successful).
 DEBUG [cae4997f] Running if test ! -d /kunden/homepages/45/d661400636/htdocs/phi/phi_cap/repo; then echo "Directory does not exist '/kunden/homepages/45/d661400636/htdocs/phi/phi_cap/repo'" 1>&2; false; fi as u87627064@home661400636.1and1-data.host
 DEBUG [cae4997f] Command: if test ! -d /kunden/homepages/45/d661400636/htdocs/phi/phi_cap/repo; then echo "Directory does not exist '/kunden/homepages/45/d661400636/htdocs/phi/phi_cap/repo'" 1>&2; false; fi
 DEBUG [cae4997f] Finished in 0.314 seconds with exit status 0 (successful).
  INFO [9ae0d601] Running /usr/bin/env mkdir -p /kunden/homepages/45/d661400636/htdocs/phi/phi_cap/releases/20171207173343 as u87627064@home661400636.1and1-data.host
 DEBUG [9ae0d601] Command: cd /kunden/homepages/45/d661400636/htdocs/phi/phi_cap/repo && ( export GIT_ASKPASS="/bin/echo" GIT_SSH="/tmp/git-ssh-phi-production-courtneywilliams.sh" ; /usr/bin/env mkdir -p /kunden/homepages/45/d661400636/htdocs/phi/phi_cap/releases/20171207173343 )
  INFO [9ae0d601] Finished in 0.283 seconds with exit status 0 (successful).
  INFO [06f2993d] Running /usr/bin/env git archive master | /usr/bin/env tar -x -f - -C /kunden/homepages/45/d661400636/htdocs/phi/phi_cap/releases/20171207173343 as u87627064@home661400636.1and1-data.host
 DEBUG [06f2993d] Command: cd /kunden/homepages/45/d661400636/htdocs/phi/phi_cap/repo && ( export GIT_ASKPASS="/bin/echo" GIT_SSH="/tmp/git-ssh-phi-production-courtneywilliams.sh" ; /usr/bin/env git archive master | /usr/bin/env tar -x -f - -C /kunden/homepages/45/d661400636/htdocs/phi/phi_cap/releases/20171207173343 )
  INFO [06f2993d] Finished in 0.406 seconds with exit status 0 (successful).
 DEBUG [cb973ed2] Running if test ! -d /kunden/homepages/45/d661400636/htdocs/phi/phi_cap/repo; then echo "Directory does not exist '/kunden/homepages/45/d661400636/htdocs/phi/phi_cap/repo'" 1>&2; false; fi as u87627064@home661400636.1and1-data.host
 DEBUG [cb973ed2] Command: if test ! -d /kunden/homepages/45/d661400636/htdocs/phi/phi_cap/repo; then echo "Directory does not exist '/kunden/homepages/45/d661400636/htdocs/phi/phi_cap/repo'" 1>&2; false; fi
 DEBUG [cb973ed2] Finished in 0.282 seconds with exit status 0 (successful).
 DEBUG [a72c1de8] Running /usr/bin/env git rev-list --max-count=1 master as u87627064@home661400636.1and1-data.host
 DEBUG [a72c1de8] Command: cd /kunden/homepages/45/d661400636/htdocs/phi/phi_cap/repo && ( export GIT_ASKPASS="/bin/echo" GIT_SSH="/tmp/git-ssh-phi-production-courtneywilliams.sh" ; /usr/bin/env git rev-list --max-count=1 master )
 DEBUG [a72c1de8] 	49461a614bdf71227ca99231d0a6131880649ba8
 DEBUG [a72c1de8] Finished in 0.285 seconds with exit status 0 (successful).
 DEBUG [51b8e93c] Running if test ! -d /kunden/homepages/45/d661400636/htdocs/phi/phi_cap/releases/20171207173343; then echo "Directory does not exist '/kunden/homepages/45/d661400636/htdocs/phi/phi_cap/releases/20171207173343'" 1>&2; false; fi as u87627064@home661400636.1and1-data.host
 DEBUG [51b8e93c] Command: if test ! -d /kunden/homepages/45/d661400636/htdocs/phi/phi_cap/releases/20171207173343; then echo "Directory does not exist '/kunden/homepages/45/d661400636/htdocs/phi/phi_cap/releases/20171207173343'" 1>&2; false; fi
 DEBUG [51b8e93c] Finished in 0.294 seconds with exit status 0 (successful).
  INFO [5ecf968c] Running /usr/bin/env echo "49461a614bdf71227ca99231d0a6131880649ba8" >> REVISION as u87627064@home661400636.1and1-data.host
 DEBUG [5ecf968c] Command: cd /kunden/homepages/45/d661400636/htdocs/phi/phi_cap/releases/20171207173343 && /usr/bin/env echo "49461a614bdf71227ca99231d0a6131880649ba8" >> REVISION
  INFO [5ecf968c] Finished in 0.296 seconds with exit status 0 (successful).
  INFO [14a2579e] Running /usr/bin/env mkdir -p /kunden/homepages/45/d661400636/htdocs/phi/phi_cap/releases/20171207173343 /kunden/homepages/45/d661400636/htdocs/phi/phi_cap/releases/20171207173343/tmp /kunden/homepages/45/d661400636/htdocs/phi/phi_cap/releases/20171207173343/public as u87627064@home661400636.1and1-data.host
 DEBUG [14a2579e] Command: /usr/bin/env mkdir -p /kunden/homepages/45/d661400636/htdocs/phi/phi_cap/releases/20171207173343 /kunden/homepages/45/d661400636/htdocs/phi/phi_cap/releases/20171207173343/tmp /kunden/homepages/45/d661400636/htdocs/phi/phi_cap/releases/20171207173343/public
  INFO [14a2579e] Finished in 0.285 seconds with exit status 0 (successful).
 DEBUG [bc13c693] Running [ -L /kunden/homepages/45/d661400636/htdocs/phi/phi_cap/releases/20171207173343/log ] as u87627064@home661400636.1and1-data.host
 DEBUG [bc13c693] Command: [ -L /kunden/homepages/45/d661400636/htdocs/phi/phi_cap/releases/20171207173343/log ]
 DEBUG [bc13c693] Finished in 0.281 seconds with exit status 1 (failed).
 DEBUG [95aca226] Running [ -d /kunden/homepages/45/d661400636/htdocs/phi/phi_cap/releases/20171207173343/log ] as u87627064@home661400636.1and1-data.host
 DEBUG [95aca226] Command: [ -d /kunden/homepages/45/d661400636/htdocs/phi/phi_cap/releases/20171207173343/log ]
 DEBUG [95aca226] Finished in 0.280 seconds with exit status 0 (successful).
  INFO [6bcebad7] Running /usr/bin/env rm -rf /kunden/homepages/45/d661400636/htdocs/phi/phi_cap/releases/20171207173343/log as u87627064@home661400636.1and1-data.host
 DEBUG [6bcebad7] Command: /usr/bin/env rm -rf /kunden/homepages/45/d661400636/htdocs/phi/phi_cap/releases/20171207173343/log
  INFO [6bcebad7] Finished in 0.290 seconds with exit status 0 (successful).
  INFO [9bbfe253] Running /usr/bin/env ln -s /kunden/homepages/45/d661400636/htdocs/phi/phi_cap/shared/log /kunden/homepages/45/d661400636/htdocs/phi/phi_cap/releases/20171207173343/log as u87627064@home661400636.1and1-data.host
 DEBUG [9bbfe253] Command: /usr/bin/env ln -s /kunden/homepages/45/d661400636/htdocs/phi/phi_cap/shared/log /kunden/homepages/45/d661400636/htdocs/phi/phi_cap/releases/20171207173343/log
  INFO [9bbfe253] Finished in 0.314 seconds with exit status 0 (successful).
 DEBUG [b69e4f17] Running [ -L /kunden/homepages/45/d661400636/htdocs/phi/phi_cap/releases/20171207173343/tmp/pids ] as u87627064@home661400636.1and1-data.host
 DEBUG [b69e4f17] Command: [ -L /kunden/homepages/45/d661400636/htdocs/phi/phi_cap/releases/20171207173343/tmp/pids ]
 DEBUG [b69e4f17] Finished in 0.294 seconds with exit status 1 (failed).
 DEBUG [a2ffa011] Running [ -d /kunden/homepages/45/d661400636/htdocs/phi/phi_cap/releases/20171207173343/tmp/pids ] as u87627064@home661400636.1and1-data.host
 DEBUG [a2ffa011] Command: [ -d /kunden/homepages/45/d661400636/htdocs/phi/phi_cap/releases/20171207173343/tmp/pids ]
 DEBUG [a2ffa011] Finished in 0.280 seconds with exit status 1 (failed).
  INFO [2efcc6d3] Running /usr/bin/env ln -s /kunden/homepages/45/d661400636/htdocs/phi/phi_cap/shared/tmp/pids /kunden/homepages/45/d661400636/htdocs/phi/phi_cap/releases/20171207173343/tmp/pids as u87627064@home661400636.1and1-data.host
 DEBUG [2efcc6d3] Command: /usr/bin/env ln -s /kunden/homepages/45/d661400636/htdocs/phi/phi_cap/shared/tmp/pids /kunden/homepages/45/d661400636/htdocs/phi/phi_cap/releases/20171207173343/tmp/pids
  INFO [2efcc6d3] Finished in 0.296 seconds with exit status 0 (successful).
 DEBUG [b838e0ca] Running [ -L /kunden/homepages/45/d661400636/htdocs/phi/phi_cap/releases/20171207173343/tmp/cache ] as u87627064@home661400636.1and1-data.host
 DEBUG [b838e0ca] Command: [ -L /kunden/homepages/45/d661400636/htdocs/phi/phi_cap/releases/20171207173343/tmp/cache ]
 DEBUG [b838e0ca] Finished in 0.290 seconds with exit status 1 (failed).
 DEBUG [7e91d161] Running [ -d /kunden/homepages/45/d661400636/htdocs/phi/phi_cap/releases/20171207173343/tmp/cache ] as u87627064@home661400636.1and1-data.host
 DEBUG [7e91d161] Command: [ -d /kunden/homepages/45/d661400636/htdocs/phi/phi_cap/releases/20171207173343/tmp/cache ]
 DEBUG [7e91d161] Finished in 0.353 seconds with exit status 1 (failed).
  INFO [0e8a779b] Running /usr/bin/env ln -s /kunden/homepages/45/d661400636/htdocs/phi/phi_cap/shared/tmp/cache /kunden/homepages/45/d661400636/htdocs/phi/phi_cap/releases/20171207173343/tmp/cache as u87627064@home661400636.1and1-data.host
 DEBUG [0e8a779b] Command: /usr/bin/env ln -s /kunden/homepages/45/d661400636/htdocs/phi/phi_cap/shared/tmp/cache /kunden/homepages/45/d661400636/htdocs/phi/phi_cap/releases/20171207173343/tmp/cache
  INFO [0e8a779b] Finished in 0.295 seconds with exit status 0 (successful).
 DEBUG [f8c65702] Running [ -L /kunden/homepages/45/d661400636/htdocs/phi/phi_cap/releases/20171207173343/tmp/sockets ] as u87627064@home661400636.1and1-data.host
 DEBUG [f8c65702] Command: [ -L /kunden/homepages/45/d661400636/htdocs/phi/phi_cap/releases/20171207173343/tmp/sockets ]
 DEBUG [f8c65702] Finished in 0.276 seconds with exit status 1 (failed).
 DEBUG [a8155428] Running [ -d /kunden/homepages/45/d661400636/htdocs/phi/phi_cap/releases/20171207173343/tmp/sockets ] as u87627064@home661400636.1and1-data.host
 DEBUG [a8155428] Command: [ -d /kunden/homepages/45/d661400636/htdocs/phi/phi_cap/releases/20171207173343/tmp/sockets ]
 DEBUG [a8155428] Finished in 0.288 seconds with exit status 1 (failed).
  INFO [d81a43d7] Running /usr/bin/env ln -s /kunden/homepages/45/d661400636/htdocs/phi/phi_cap/shared/tmp/sockets /kunden/homepages/45/d661400636/htdocs/phi/phi_cap/releases/20171207173343/tmp/sockets as u87627064@home661400636.1and1-data.host
 DEBUG [d81a43d7] Command: /usr/bin/env ln -s /kunden/homepages/45/d661400636/htdocs/phi/phi_cap/shared/tmp/sockets /kunden/homepages/45/d661400636/htdocs/phi/phi_cap/releases/20171207173343/tmp/sockets
  INFO [d81a43d7] Finished in 0.287 seconds with exit status 0 (successful).
 DEBUG [c580eb2b] Running [ -L /kunden/homepages/45/d661400636/htdocs/phi/phi_cap/releases/20171207173343/public/system ] as u87627064@home661400636.1and1-data.host
 DEBUG [c580eb2b] Command: [ -L /kunden/homepages/45/d661400636/htdocs/phi/phi_cap/releases/20171207173343/public/system ]
 DEBUG [c580eb2b] Finished in 0.277 seconds with exit status 1 (failed).
 DEBUG [33b76807] Running [ -d /kunden/homepages/45/d661400636/htdocs/phi/phi_cap/releases/20171207173343/public/system ] as u87627064@home661400636.1and1-data.host
 DEBUG [33b76807] Command: [ -d /kunden/homepages/45/d661400636/htdocs/phi/phi_cap/releases/20171207173343/public/system ]
 DEBUG [33b76807] Finished in 0.413 seconds with exit status 1 (failed).
  INFO [f9383fce] Running /usr/bin/env ln -s /kunden/homepages/45/d661400636/htdocs/phi/phi_cap/shared/public/system /kunden/homepages/45/d661400636/htdocs/phi/phi_cap/releases/20171207173343/public/system as u87627064@home661400636.1and1-data.host
 DEBUG [f9383fce] Command: /usr/bin/env ln -s /kunden/homepages/45/d661400636/htdocs/phi/phi_cap/shared/public/system /kunden/homepages/45/d661400636/htdocs/phi/phi_cap/releases/20171207173343/public/system
  INFO [f9383fce] Finished in 0.603 seconds with exit status 0 (successful).
  INFO [1028fb6d] Running /usr/bin/env ln -s /kunden/homepages/45/d661400636/htdocs/phi/phi_cap/releases/20171207173343 /kunden/homepages/45/d661400636/htdocs/phi/phi_cap/releases/current as u87627064@home661400636.1and1-data.host
 DEBUG [1028fb6d] Command: /usr/bin/env ln -s /kunden/homepages/45/d661400636/htdocs/phi/phi_cap/releases/20171207173343 /kunden/homepages/45/d661400636/htdocs/phi/phi_cap/releases/current
  INFO [1028fb6d] Finished in 0.524 seconds with exit status 0 (successful).
  INFO [46804575] Running /usr/bin/env mv /kunden/homepages/45/d661400636/htdocs/phi/phi_cap/releases/current /kunden/homepages/45/d661400636/htdocs/phi/phi_cap as u87627064@home661400636.1and1-data.host
 DEBUG [46804575] Command: /usr/bin/env mv /kunden/homepages/45/d661400636/htdocs/phi/phi_cap/releases/current /kunden/homepages/45/d661400636/htdocs/phi/phi_cap
  INFO [46804575] Finished in 0.465 seconds with exit status 0 (successful).
 DEBUG [615070ed] Running /usr/bin/env ls -x /kunden/homepages/45/d661400636/htdocs/phi/phi_cap/releases as u87627064@home661400636.1and1-data.host
 DEBUG [615070ed] Command: /usr/bin/env ls -x /kunden/homepages/45/d661400636/htdocs/phi/phi_cap/releases
 DEBUG [615070ed] 	20171207173343
 DEBUG [615070ed] Finished in 0.650 seconds with exit status 0 (successful).
 DEBUG [3d8c2448] Running if test ! -d /kunden/homepages/45/d661400636/htdocs/phi/phi_cap/releases; then echo "Directory does not exist '/kunden/homepages/45/d661400636/htdocs/phi/phi_cap/releases'" 1>&2; false; fi as u87627064@home661400636.1and1-data.host
 DEBUG [3d8c2448] Command: if test ! -d /kunden/homepages/45/d661400636/htdocs/phi/phi_cap/releases; then echo "Directory does not exist '/kunden/homepages/45/d661400636/htdocs/phi/phi_cap/releases'" 1>&2; false; fi
 DEBUG [3d8c2448] Finished in 0.515 seconds with exit status 0 (successful).
  INFO [b6f75cfc] Running /usr/bin/env echo "Branch master (at 49461a614bdf71227ca99231d0a6131880649ba8) deployed as release 20171207173343 by courtneywilliams" >> /kunden/homepages/45/d661400636/htdocs/phi/phi_cap/revisions.log as u87627064@home661400636.1and1-data.host
 DEBUG [b6f75cfc] Command: cd /kunden/homepages/45/d661400636/htdocs/phi/phi_cap/releases && /usr/bin/env echo "Branch master (at 49461a614bdf71227ca99231d0a6131880649ba8) deployed as release 20171207173343 by courtneywilliams" >> /kunden/homepages/45/d661400636/htdocs/phi/phi_cap/revisions.log
  INFO [b6f75cfc] Finished in 0.425 seconds with exit status 0 (successful).
  INFO ---------------------------------------------------------------------------
  INFO START 2017-12-07 16:45:48 -0500 cap production deploy
  INFO ---------------------------------------------------------------------------
  INFO [683bb493] Running /usr/bin/env mkdir -p /tmp as u87627064@home661400636.1and1-data.host
 DEBUG [683bb493] Command: /usr/bin/env mkdir -p /tmp
  INFO [683bb493] Finished in 9.475 seconds with exit status 0 (successful).
 DEBUG Uploading /tmp/git-ssh-phi-production-courtneywilliams.sh 0.0%
  INFO Uploading /tmp/git-ssh-phi-production-courtneywilliams.sh 100.0%
  INFO [9b744194] Running /usr/bin/env chmod 700 /tmp/git-ssh-phi-production-courtneywilliams.sh as u87627064@home661400636.1and1-data.host
 DEBUG [9b744194] Command: /usr/bin/env chmod 700 /tmp/git-ssh-phi-production-courtneywilliams.sh
  INFO [9b744194] Finished in 0.282 seconds with exit status 0 (successful).
  INFO [7e8e1445] Running /usr/bin/env git ls-remote https://github.com/williamsc51/phi.git HEAD as u87627064@home661400636.1and1-data.host
 DEBUG [7e8e1445] Command: ( export GIT_ASKPASS="/bin/echo" GIT_SSH="/tmp/git-ssh-phi-production-courtneywilliams.sh" ; /usr/bin/env git ls-remote https://github.com/williamsc51/phi.git HEAD )
 DEBUG [7e8e1445] 	177fb6d96995c99ed6795f788dd888836832e836	HEAD
  INFO [7e8e1445] Finished in 0.601 seconds with exit status 0 (successful).
  INFO [08fce048] Running /usr/bin/env mkdir -p /kunden/homepages/45/d661400636/htdocs/phi/phi_cap/shared /kunden/homepages/45/d661400636/htdocs/phi/phi_cap/releases as u87627064@home661400636.1and1-data.host
 DEBUG [08fce048] Command: /usr/bin/env mkdir -p /kunden/homepages/45/d661400636/htdocs/phi/phi_cap/shared /kunden/homepages/45/d661400636/htdocs/phi/phi_cap/releases
  INFO [08fce048] Finished in 0.281 seconds with exit status 0 (successful).
  INFO [e0fcc923] Running /usr/bin/env mkdir -p /kunden/homepages/45/d661400636/htdocs/phi/phi_cap/shared/log /kunden/homepages/45/d661400636/htdocs/phi/phi_cap/shared/tmp/pids /kunden/homepages/45/d661400636/htdocs/phi/phi_cap/shared/tmp/cache /kunden/homepages/45/d661400636/htdocs/phi/phi_cap/shared/tmp/sockets /kunden/homepages/45/d661400636/htdocs/phi/phi_cap/shared/public/system as u87627064@home661400636.1and1-data.host
 DEBUG [e0fcc923] Command: /usr/bin/env mkdir -p /kunden/homepages/45/d661400636/htdocs/phi/phi_cap/shared/log /kunden/homepages/45/d661400636/htdocs/phi/phi_cap/shared/tmp/pids /kunden/homepages/45/d661400636/htdocs/phi/phi_cap/shared/tmp/cache /kunden/homepages/45/d661400636/htdocs/phi/phi_cap/shared/tmp/sockets /kunden/homepages/45/d661400636/htdocs/phi/phi_cap/shared/public/system
  INFO [e0fcc923] Finished in 0.293 seconds with exit status 0 (successful).
 DEBUG [e5fd470e] Running [ -f /kunden/homepages/45/d661400636/htdocs/phi/phi_cap/current/REVISION ] as u87627064@home661400636.1and1-data.host
 DEBUG [e5fd470e] Command: [ -f /kunden/homepages/45/d661400636/htdocs/phi/phi_cap/current/REVISION ]
 DEBUG [e5fd470e] Finished in 0.276 seconds with exit status 0 (successful).
 DEBUG [f10c822e] Running /usr/bin/env cat /kunden/homepages/45/d661400636/htdocs/phi/phi_cap/current/REVISION 2>/dev/null as u87627064@home661400636.1and1-data.host
 DEBUG [f10c822e] Command: /usr/bin/env cat /kunden/homepages/45/d661400636/htdocs/phi/phi_cap/current/REVISION 2>/dev/null
 DEBUG [f10c822e] 	49461a614bdf71227ca99231d0a6131880649ba8
 DEBUG [f10c822e] Finished in 0.277 seconds with exit status 0 (successful).
 DEBUG [94299352] Running [ -f /kunden/homepages/45/d661400636/htdocs/phi/phi_cap/repo/HEAD ] as u87627064@home661400636.1and1-data.host
 DEBUG [94299352] Command: [ -f /kunden/homepages/45/d661400636/htdocs/phi/phi_cap/repo/HEAD ]
 DEBUG [94299352] Finished in 0.267 seconds with exit status 0 (successful).
  INFO The repository mirror is at /kunden/homepages/45/d661400636/htdocs/phi/phi_cap/repo
 DEBUG [c3497eed] Running if test ! -d /kunden/homepages/45/d661400636/htdocs/phi/phi_cap/repo; then echo "Directory does not exist '/kunden/homepages/45/d661400636/htdocs/phi/phi_cap/repo'" 1>&2; false; fi as u87627064@home661400636.1and1-data.host
 DEBUG [c3497eed] Command: if test ! -d /kunden/homepages/45/d661400636/htdocs/phi/phi_cap/repo; then echo "Directory does not exist '/kunden/homepages/45/d661400636/htdocs/phi/phi_cap/repo'" 1>&2; false; fi
 DEBUG [c3497eed] Finished in 0.366 seconds with exit status 0 (successful).
  INFO [31d945fd] Running /usr/bin/env git remote set-url origin https://github.com/williamsc51/phi.git as u87627064@home661400636.1and1-data.host
 DEBUG [31d945fd] Command: cd /kunden/homepages/45/d661400636/htdocs/phi/phi_cap/repo && ( export GIT_ASKPASS="/bin/echo" GIT_SSH="/tmp/git-ssh-phi-production-courtneywilliams.sh" ; /usr/bin/env git remote set-url origin https://github.com/williamsc51/phi.git )
  INFO [31d945fd] Finished in 1.462 seconds with exit status 0 (successful).
  INFO [edfe9f62] Running /usr/bin/env git remote update --prune as u87627064@home661400636.1and1-data.host
 DEBUG [edfe9f62] Command: cd /kunden/homepages/45/d661400636/htdocs/phi/phi_cap/repo && ( export GIT_ASKPASS="/bin/echo" GIT_SSH="/tmp/git-ssh-phi-production-courtneywilliams.sh" ; /usr/bin/env git remote update --prune )
 DEBUG [edfe9f62] 	Fetching origin
 DEBUG [edfe9f62] 	From https://github.com/williamsc51/phi
   bf0dab0..dd6319c  dev        -> dev
 DEBUG [edfe9f62] 	   49461a6..177fb6d  master     -> master
 DEBUG [edfe9f62] 	 * [new ref]         refs/pull/10/head -> refs/pull/10/head
 DEBUG [edfe9f62] 	 * [new ref]         refs/pull/6/head -> refs/pull/6/head
 DEBUG [edfe9f62] 	 * [new ref]         refs/pull/7/head -> refs/pull/7/head
 DEBUG [edfe9f62] 	 * [new ref]         refs/pull/8/head -> refs/pull/8/head
 DEBUG [edfe9f62] 	 * [new ref]         refs/pull/9/head -> refs/pull/9/head
  INFO [edfe9f62] Finished in 1.850 seconds with exit status 0 (successful).
 DEBUG [e7e8aa7f] Running if test ! -d /kunden/homepages/45/d661400636/htdocs/phi/phi_cap/repo; then echo "Directory does not exist '/kunden/homepages/45/d661400636/htdocs/phi/phi_cap/repo'" 1>&2; false; fi as u87627064@home661400636.1and1-data.host
 DEBUG [e7e8aa7f] Command: if test ! -d /kunden/homepages/45/d661400636/htdocs/phi/phi_cap/repo; then echo "Directory does not exist '/kunden/homepages/45/d661400636/htdocs/phi/phi_cap/repo'" 1>&2; false; fi
 DEBUG [e7e8aa7f] Finished in 0.470 seconds with exit status 0 (successful).
  INFO [bade0617] Running /usr/bin/env mkdir -p /kunden/homepages/45/d661400636/htdocs/phi/phi_cap/releases/20171207214600 as u87627064@home661400636.1and1-data.host
 DEBUG [bade0617] Command: cd /kunden/homepages/45/d661400636/htdocs/phi/phi_cap/repo && ( export GIT_ASKPASS="/bin/echo" GIT_SSH="/tmp/git-ssh-phi-production-courtneywilliams.sh" ; /usr/bin/env mkdir -p /kunden/homepages/45/d661400636/htdocs/phi/phi_cap/releases/20171207214600 )
  INFO [bade0617] Finished in 0.432 seconds with exit status 0 (successful).
  INFO [1bf29379] Running /usr/bin/env git archive master | /usr/bin/env tar -x -f - -C /kunden/homepages/45/d661400636/htdocs/phi/phi_cap/releases/20171207214600 as u87627064@home661400636.1and1-data.host
 DEBUG [1bf29379] Command: cd /kunden/homepages/45/d661400636/htdocs/phi/phi_cap/repo && ( export GIT_ASKPASS="/bin/echo" GIT_SSH="/tmp/git-ssh-phi-production-courtneywilliams.sh" ; /usr/bin/env git archive master | /usr/bin/env tar -x -f - -C /kunden/homepages/45/d661400636/htdocs/phi/phi_cap/releases/20171207214600 )
  INFO [1bf29379] Finished in 0.506 seconds with exit status 0 (successful).
 DEBUG [d81d0dc9] Running if test ! -d /kunden/homepages/45/d661400636/htdocs/phi/phi_cap/repo; then echo "Directory does not exist '/kunden/homepages/45/d661400636/htdocs/phi/phi_cap/repo'" 1>&2; false; fi as u87627064@home661400636.1and1-data.host
 DEBUG [d81d0dc9] Command: if test ! -d /kunden/homepages/45/d661400636/htdocs/phi/phi_cap/repo; then echo "Directory does not exist '/kunden/homepages/45/d661400636/htdocs/phi/phi_cap/repo'" 1>&2; false; fi
 DEBUG [d81d0dc9] Finished in 0.644 seconds with exit status 0 (successful).
 DEBUG [8ec0e614] Running /usr/bin/env git rev-list --max-count=1 master as u87627064@home661400636.1and1-data.host
 DEBUG [8ec0e614] Command: cd /kunden/homepages/45/d661400636/htdocs/phi/phi_cap/repo && ( export GIT_ASKPASS="/bin/echo" GIT_SSH="/tmp/git-ssh-phi-production-courtneywilliams.sh" ; /usr/bin/env git rev-list --max-count=1 master )
 DEBUG [8ec0e614] 	177fb6d96995c99ed6795f788dd888836832e836
 DEBUG [8ec0e614] Finished in 0.991 seconds with exit status 0 (successful).
 DEBUG [6db5d2b2] Running if test ! -d /kunden/homepages/45/d661400636/htdocs/phi/phi_cap/releases/20171207214600; then echo "Directory does not exist '/kunden/homepages/45/d661400636/htdocs/phi/phi_cap/releases/20171207214600'" 1>&2; false; fi as u87627064@home661400636.1and1-data.host
 DEBUG [6db5d2b2] Command: if test ! -d /kunden/homepages/45/d661400636/htdocs/phi/phi_cap/releases/20171207214600; then echo "Directory does not exist '/kunden/homepages/45/d661400636/htdocs/phi/phi_cap/releases/20171207214600'" 1>&2; false; fi
 DEBUG [6db5d2b2] Finished in 0.524 seconds with exit status 0 (successful).
  INFO [178fd920] Running /usr/bin/env echo "177fb6d96995c99ed6795f788dd888836832e836" >> REVISION as u87627064@home661400636.1and1-data.host
 DEBUG [178fd920] Command: cd /kunden/homepages/45/d661400636/htdocs/phi/phi_cap/releases/20171207214600 && /usr/bin/env echo "177fb6d96995c99ed6795f788dd888836832e836" >> REVISION
  INFO [178fd920] Finished in 0.288 seconds with exit status 0 (successful).
  INFO [0bb2e5e0] Running /usr/bin/env mkdir -p /kunden/homepages/45/d661400636/htdocs/phi/phi_cap/releases/20171207214600 /kunden/homepages/45/d661400636/htdocs/phi/phi_cap/releases/20171207214600/tmp /kunden/homepages/45/d661400636/htdocs/phi/phi_cap/releases/20171207214600/public as u87627064@home661400636.1and1-data.host
 DEBUG [0bb2e5e0] Command: /usr/bin/env mkdir -p /kunden/homepages/45/d661400636/htdocs/phi/phi_cap/releases/20171207214600 /kunden/homepages/45/d661400636/htdocs/phi/phi_cap/releases/20171207214600/tmp /kunden/homepages/45/d661400636/htdocs/phi/phi_cap/releases/20171207214600/public
  INFO [0bb2e5e0] Finished in 0.276 seconds with exit status 0 (successful).
 DEBUG [68382627] Running [ -L /kunden/homepages/45/d661400636/htdocs/phi/phi_cap/releases/20171207214600/log ] as u87627064@home661400636.1and1-data.host
 DEBUG [68382627] Command: [ -L /kunden/homepages/45/d661400636/htdocs/phi/phi_cap/releases/20171207214600/log ]
 DEBUG [68382627] Finished in 0.285 seconds with exit status 1 (failed).
 DEBUG [aa3120b7] Running [ -d /kunden/homepages/45/d661400636/htdocs/phi/phi_cap/releases/20171207214600/log ] as u87627064@home661400636.1and1-data.host
 DEBUG [aa3120b7] Command: [ -d /kunden/homepages/45/d661400636/htdocs/phi/phi_cap/releases/20171207214600/log ]
 DEBUG [aa3120b7] Finished in 0.291 seconds with exit status 0 (successful).
  INFO [1cb41840] Running /usr/bin/env rm -rf /kunden/homepages/45/d661400636/htdocs/phi/phi_cap/releases/20171207214600/log as u87627064@home661400636.1and1-data.host
 DEBUG [1cb41840] Command: /usr/bin/env rm -rf /kunden/homepages/45/d661400636/htdocs/phi/phi_cap/releases/20171207214600/log
  INFO [1cb41840] Finished in 0.283 seconds with exit status 0 (successful).
  INFO [4ba6d67c] Running /usr/bin/env ln -s /kunden/homepages/45/d661400636/htdocs/phi/phi_cap/shared/log /kunden/homepages/45/d661400636/htdocs/phi/phi_cap/releases/20171207214600/log as u87627064@home661400636.1and1-data.host
 DEBUG [4ba6d67c] Command: /usr/bin/env ln -s /kunden/homepages/45/d661400636/htdocs/phi/phi_cap/shared/log /kunden/homepages/45/d661400636/htdocs/phi/phi_cap/releases/20171207214600/log
  INFO [4ba6d67c] Finished in 0.282 seconds with exit status 0 (successful).
 DEBUG [a247fbfb] Running [ -L /kunden/homepages/45/d661400636/htdocs/phi/phi_cap/releases/20171207214600/tmp/pids ] as u87627064@home661400636.1and1-data.host
 DEBUG [a247fbfb] Command: [ -L /kunden/homepages/45/d661400636/htdocs/phi/phi_cap/releases/20171207214600/tmp/pids ]
 DEBUG [a247fbfb] Finished in 0.277 seconds with exit status 1 (failed).
 DEBUG [53ace548] Running [ -d /kunden/homepages/45/d661400636/htdocs/phi/phi_cap/releases/20171207214600/tmp/pids ] as u87627064@home661400636.1and1-data.host
 DEBUG [53ace548] Command: [ -d /kunden/homepages/45/d661400636/htdocs/phi/phi_cap/releases/20171207214600/tmp/pids ]
 DEBUG [53ace548] Finished in 0.283 seconds with exit status 1 (failed).
  INFO [3b38add5] Running /usr/bin/env ln -s /kunden/homepages/45/d661400636/htdocs/phi/phi_cap/shared/tmp/pids /kunden/homepages/45/d661400636/htdocs/phi/phi_cap/releases/20171207214600/tmp/pids as u87627064@home661400636.1and1-data.host
 DEBUG [3b38add5] Command: /usr/bin/env ln -s /kunden/homepages/45/d661400636/htdocs/phi/phi_cap/shared/tmp/pids /kunden/homepages/45/d661400636/htdocs/phi/phi_cap/releases/20171207214600/tmp/pids
  INFO [3b38add5] Finished in 0.273 seconds with exit status 0 (successful).
 DEBUG [7bf5c7dd] Running [ -L /kunden/homepages/45/d661400636/htdocs/phi/phi_cap/releases/20171207214600/tmp/cache ] as u87627064@home661400636.1and1-data.host
 DEBUG [7bf5c7dd] Command: [ -L /kunden/homepages/45/d661400636/htdocs/phi/phi_cap/releases/20171207214600/tmp/cache ]
 DEBUG [7bf5c7dd] Finished in 0.284 seconds with exit status 1 (failed).
 DEBUG [6123aafa] Running [ -d /kunden/homepages/45/d661400636/htdocs/phi/phi_cap/releases/20171207214600/tmp/cache ] as u87627064@home661400636.1and1-data.host
 DEBUG [6123aafa] Command: [ -d /kunden/homepages/45/d661400636/htdocs/phi/phi_cap/releases/20171207214600/tmp/cache ]
 DEBUG [6123aafa] Finished in 0.278 seconds with exit status 1 (failed).
  INFO [0e126c58] Running /usr/bin/env ln -s /kunden/homepages/45/d661400636/htdocs/phi/phi_cap/shared/tmp/cache /kunden/homepages/45/d661400636/htdocs/phi/phi_cap/releases/20171207214600/tmp/cache as u87627064@home661400636.1and1-data.host
 DEBUG [0e126c58] Command: /usr/bin/env ln -s /kunden/homepages/45/d661400636/htdocs/phi/phi_cap/shared/tmp/cache /kunden/homepages/45/d661400636/htdocs/phi/phi_cap/releases/20171207214600/tmp/cache
  INFO [0e126c58] Finished in 0.278 seconds with exit status 0 (successful).
 DEBUG [f6a8ec65] Running [ -L /kunden/homepages/45/d661400636/htdocs/phi/phi_cap/releases/20171207214600/tmp/sockets ] as u87627064@home661400636.1and1-data.host
 DEBUG [f6a8ec65] Command: [ -L /kunden/homepages/45/d661400636/htdocs/phi/phi_cap/releases/20171207214600/tmp/sockets ]
 DEBUG [f6a8ec65] Finished in 0.278 seconds with exit status 1 (failed).
 DEBUG [f3964ce6] Running [ -d /kunden/homepages/45/d661400636/htdocs/phi/phi_cap/releases/20171207214600/tmp/sockets ] as u87627064@home661400636.1and1-data.host
 DEBUG [f3964ce6] Command: [ -d /kunden/homepages/45/d661400636/htdocs/phi/phi_cap/releases/20171207214600/tmp/sockets ]
 DEBUG [f3964ce6] Finished in 0.276 seconds with exit status 1 (failed).
  INFO [3ce2959f] Running /usr/bin/env ln -s /kunden/homepages/45/d661400636/htdocs/phi/phi_cap/shared/tmp/sockets /kunden/homepages/45/d661400636/htdocs/phi/phi_cap/releases/20171207214600/tmp/sockets as u87627064@home661400636.1and1-data.host
 DEBUG [3ce2959f] Command: /usr/bin/env ln -s /kunden/homepages/45/d661400636/htdocs/phi/phi_cap/shared/tmp/sockets /kunden/homepages/45/d661400636/htdocs/phi/phi_cap/releases/20171207214600/tmp/sockets
  INFO [3ce2959f] Finished in 0.288 seconds with exit status 0 (successful).
 DEBUG [67083214] Running [ -L /kunden/homepages/45/d661400636/htdocs/phi/phi_cap/releases/20171207214600/public/system ] as u87627064@home661400636.1and1-data.host
 DEBUG [67083214] Command: [ -L /kunden/homepages/45/d661400636/htdocs/phi/phi_cap/releases/20171207214600/public/system ]
 DEBUG [67083214] Finished in 0.274 seconds with exit status 1 (failed).
 DEBUG [c1cfdf7c] Running [ -d /kunden/homepages/45/d661400636/htdocs/phi/phi_cap/releases/20171207214600/public/system ] as u87627064@home661400636.1and1-data.host
 DEBUG [c1cfdf7c] Command: [ -d /kunden/homepages/45/d661400636/htdocs/phi/phi_cap/releases/20171207214600/public/system ]
 DEBUG [c1cfdf7c] Finished in 0.277 seconds with exit status 1 (failed).
  INFO [be792f1e] Running /usr/bin/env ln -s /kunden/homepages/45/d661400636/htdocs/phi/phi_cap/shared/public/system /kunden/homepages/45/d661400636/htdocs/phi/phi_cap/releases/20171207214600/public/system as u87627064@home661400636.1and1-data.host
 DEBUG [be792f1e] Command: /usr/bin/env ln -s /kunden/homepages/45/d661400636/htdocs/phi/phi_cap/shared/public/system /kunden/homepages/45/d661400636/htdocs/phi/phi_cap/releases/20171207214600/public/system
  INFO [be792f1e] Finished in 0.284 seconds with exit status 0 (successful).
  INFO [5051df16] Running /usr/bin/env ln -s /kunden/homepages/45/d661400636/htdocs/phi/phi_cap/releases/20171207214600 /kunden/homepages/45/d661400636/htdocs/phi/phi_cap/releases/current as u87627064@home661400636.1and1-data.host
 DEBUG [5051df16] Command: /usr/bin/env ln -s /kunden/homepages/45/d661400636/htdocs/phi/phi_cap/releases/20171207214600 /kunden/homepages/45/d661400636/htdocs/phi/phi_cap/releases/current
  INFO [5051df16] Finished in 0.282 seconds with exit status 0 (successful).
  INFO [152d4129] Running /usr/bin/env mv /kunden/homepages/45/d661400636/htdocs/phi/phi_cap/releases/current /kunden/homepages/45/d661400636/htdocs/phi/phi_cap as u87627064@home661400636.1and1-data.host
 DEBUG [152d4129] Command: /usr/bin/env mv /kunden/homepages/45/d661400636/htdocs/phi/phi_cap/releases/current /kunden/homepages/45/d661400636/htdocs/phi/phi_cap
  INFO [152d4129] Finished in 0.286 seconds with exit status 0 (successful).
 DEBUG [15e6a59b] Running /usr/bin/env ls -x /kunden/homepages/45/d661400636/htdocs/phi/phi_cap/releases as u87627064@home661400636.1and1-data.host
 DEBUG [15e6a59b] Command: /usr/bin/env ls -x /kunden/homepages/45/d661400636/htdocs/phi/phi_cap/releases
 DEBUG [15e6a59b] 	20171207173343	20171207214600
 DEBUG [15e6a59b] Finished in 0.286 seconds with exit status 0 (successful).
 DEBUG [40258745] Running if test ! -d /kunden/homepages/45/d661400636/htdocs/phi/phi_cap/releases; then echo "Directory does not exist '/kunden/homepages/45/d661400636/htdocs/phi/phi_cap/releases'" 1>&2; false; fi as u87627064@home661400636.1and1-data.host
 DEBUG [40258745] Command: if test ! -d /kunden/homepages/45/d661400636/htdocs/phi/phi_cap/releases; then echo "Directory does not exist '/kunden/homepages/45/d661400636/htdocs/phi/phi_cap/releases'" 1>&2; false; fi
 DEBUG [40258745] Finished in 0.286 seconds with exit status 0 (successful).
  INFO [9daa1c76] Running /usr/bin/env echo "Branch master (at 177fb6d96995c99ed6795f788dd888836832e836) deployed as release 20171207214600 by courtneywilliams" >> /kunden/homepages/45/d661400636/htdocs/phi/phi_cap/revisions.log as u87627064@home661400636.1and1-data.host
 DEBUG [9daa1c76] Command: cd /kunden/homepages/45/d661400636/htdocs/phi/phi_cap/releases && /usr/bin/env echo "Branch master (at 177fb6d96995c99ed6795f788dd888836832e836) deployed as release 20171207214600 by courtneywilliams" >> /kunden/homepages/45/d661400636/htdocs/phi/phi_cap/revisions.log
  INFO [9daa1c76] Finished in 0.285 seconds with exit status 0 (successful).
  INFO ---------------------------------------------------------------------------
  INFO START 2017-12-07 16:57:03 -0500 cap production deploy
  INFO ---------------------------------------------------------------------------
  INFO [d88bb9c2] Running /usr/bin/env mkdir -p /tmp as u87627064@home661400636.1and1-data.host
 DEBUG [d88bb9c2] Command: /usr/bin/env mkdir -p /tmp
  INFO [d88bb9c2] Finished in 6.704 seconds with exit status 0 (successful).
 DEBUG Uploading /tmp/git-ssh-phi-production-courtneywilliams.sh 0.0%
  INFO Uploading /tmp/git-ssh-phi-production-courtneywilliams.sh 100.0%
  INFO [78f3608c] Running /usr/bin/env chmod 700 /tmp/git-ssh-phi-production-courtneywilliams.sh as u87627064@home661400636.1and1-data.host
 DEBUG [78f3608c] Command: /usr/bin/env chmod 700 /tmp/git-ssh-phi-production-courtneywilliams.sh
  INFO [78f3608c] Finished in 0.272 seconds with exit status 0 (successful).
  INFO [d2ec3fcc] Running /usr/bin/env git ls-remote https://github.com/williamsc51/phi.git HEAD as u87627064@home661400636.1and1-data.host
 DEBUG [d2ec3fcc] Command: ( export GIT_ASKPASS="/bin/echo" GIT_SSH="/tmp/git-ssh-phi-production-courtneywilliams.sh" ; /usr/bin/env git ls-remote https://github.com/williamsc51/phi.git HEAD )
 DEBUG [d2ec3fcc] 	9a08af549c2824183a5ba5226fe49c6adfeb654e	HEAD
  INFO [d2ec3fcc] Finished in 0.852 seconds with exit status 0 (successful).
  INFO [ef9d16a1] Running /usr/bin/env mkdir -p /kunden/homepages/45/d661400636/htdocs/phi/phi_cap/shared /kunden/homepages/45/d661400636/htdocs/phi/phi_cap/releases as u87627064@home661400636.1and1-data.host
 DEBUG [ef9d16a1] Command: /usr/bin/env mkdir -p /kunden/homepages/45/d661400636/htdocs/phi/phi_cap/shared /kunden/homepages/45/d661400636/htdocs/phi/phi_cap/releases
  INFO [ef9d16a1] Finished in 0.276 seconds with exit status 0 (successful).
  INFO [d39c92b7] Running /usr/bin/env mkdir -p /kunden/homepages/45/d661400636/htdocs/phi/phi_cap/shared/log /kunden/homepages/45/d661400636/htdocs/phi/phi_cap/shared/tmp/pids /kunden/homepages/45/d661400636/htdocs/phi/phi_cap/shared/tmp/cache /kunden/homepages/45/d661400636/htdocs/phi/phi_cap/shared/tmp/sockets /kunden/homepages/45/d661400636/htdocs/phi/phi_cap/shared/public/system as u87627064@home661400636.1and1-data.host
 DEBUG [d39c92b7] Command: /usr/bin/env mkdir -p /kunden/homepages/45/d661400636/htdocs/phi/phi_cap/shared/log /kunden/homepages/45/d661400636/htdocs/phi/phi_cap/shared/tmp/pids /kunden/homepages/45/d661400636/htdocs/phi/phi_cap/shared/tmp/cache /kunden/homepages/45/d661400636/htdocs/phi/phi_cap/shared/tmp/sockets /kunden/homepages/45/d661400636/htdocs/phi/phi_cap/shared/public/system
  INFO [d39c92b7] Finished in 0.279 seconds with exit status 0 (successful).
 DEBUG [3448cec4] Running [ -f /kunden/homepages/45/d661400636/htdocs/phi/phi_cap/current/REVISION ] as u87627064@home661400636.1and1-data.host
 DEBUG [3448cec4] Command: [ -f /kunden/homepages/45/d661400636/htdocs/phi/phi_cap/current/REVISION ]
 DEBUG [3448cec4] Finished in 0.265 seconds with exit status 0 (successful).
 DEBUG [df35e20f] Running /usr/bin/env cat /kunden/homepages/45/d661400636/htdocs/phi/phi_cap/current/REVISION 2>/dev/null as u87627064@home661400636.1and1-data.host
 DEBUG [df35e20f] Command: /usr/bin/env cat /kunden/homepages/45/d661400636/htdocs/phi/phi_cap/current/REVISION 2>/dev/null
 DEBUG [df35e20f] 	177fb6d96995c99ed6795f788dd888836832e836
 DEBUG [df35e20f] Finished in 0.267 seconds with exit status 0 (successful).
 DEBUG [1814d67a] Running [ -f /kunden/homepages/45/d661400636/htdocs/phi/phi_cap/repo/HEAD ] as u87627064@home661400636.1and1-data.host
 DEBUG [1814d67a] Command: [ -f /kunden/homepages/45/d661400636/htdocs/phi/phi_cap/repo/HEAD ]
 DEBUG [1814d67a] Finished in 0.274 seconds with exit status 0 (successful).
  INFO The repository mirror is at /kunden/homepages/45/d661400636/htdocs/phi/phi_cap/repo
 DEBUG [86b6b968] Running if test ! -d /kunden/homepages/45/d661400636/htdocs/phi/phi_cap/repo; then echo "Directory does not exist '/kunden/homepages/45/d661400636/htdocs/phi/phi_cap/repo'" 1>&2; false; fi as u87627064@home661400636.1and1-data.host
 DEBUG [86b6b968] Command: if test ! -d /kunden/homepages/45/d661400636/htdocs/phi/phi_cap/repo; then echo "Directory does not exist '/kunden/homepages/45/d661400636/htdocs/phi/phi_cap/repo'" 1>&2; false; fi
 DEBUG [86b6b968] Finished in 0.272 seconds with exit status 0 (successful).
  INFO [aa8b3fda] Running /usr/bin/env git remote set-url origin https://github.com/williamsc51/phi.git as u87627064@home661400636.1and1-data.host
 DEBUG [aa8b3fda] Command: cd /kunden/homepages/45/d661400636/htdocs/phi/phi_cap/repo && ( export GIT_ASKPASS="/bin/echo" GIT_SSH="/tmp/git-ssh-phi-production-courtneywilliams.sh" ; /usr/bin/env git remote set-url origin https://github.com/williamsc51/phi.git )
  INFO [aa8b3fda] Finished in 0.279 seconds with exit status 0 (successful).
  INFO [541021f8] Running /usr/bin/env git remote update --prune as u87627064@home661400636.1and1-data.host
 DEBUG [541021f8] Command: cd /kunden/homepages/45/d661400636/htdocs/phi/phi_cap/repo && ( export GIT_ASKPASS="/bin/echo" GIT_SSH="/tmp/git-ssh-phi-production-courtneywilliams.sh" ; /usr/bin/env git remote update --prune )
 DEBUG [541021f8] 	Fetching origin
 DEBUG [541021f8] 	From https://github.com/williamsc51/phi
   dd6319c..d0994bb  dev        -> dev
 DEBUG [541021f8] 	   177fb6d..9a08af5  master     -> master
 DEBUG [541021f8] 	 * [new ref]         refs/pull/11/head -> refs/pull/11/head
  INFO [541021f8] Finished in 0.722 seconds with exit status 0 (successful).
 DEBUG [44303a50] Running if test ! -d /kunden/homepages/45/d661400636/htdocs/phi/phi_cap/repo; then echo "Directory does not exist '/kunden/homepages/45/d661400636/htdocs/phi/phi_cap/repo'" 1>&2; false; fi as u87627064@home661400636.1and1-data.host
 DEBUG [44303a50] Command: if test ! -d /kunden/homepages/45/d661400636/htdocs/phi/phi_cap/repo; then echo "Directory does not exist '/kunden/homepages/45/d661400636/htdocs/phi/phi_cap/repo'" 1>&2; false; fi
 DEBUG [44303a50] Finished in 0.273 seconds with exit status 0 (successful).
  INFO [d3d100bf] Running /usr/bin/env mkdir -p /kunden/homepages/45/d661400636/htdocs/phi/phi_cap/releases/20171207215713 as u87627064@home661400636.1and1-data.host
 DEBUG [d3d100bf] Command: cd /kunden/homepages/45/d661400636/htdocs/phi/phi_cap/repo && ( export GIT_ASKPASS="/bin/echo" GIT_SSH="/tmp/git-ssh-phi-production-courtneywilliams.sh" ; /usr/bin/env mkdir -p /kunden/homepages/45/d661400636/htdocs/phi/phi_cap/releases/20171207215713 )
  INFO [d3d100bf] Finished in 0.274 seconds with exit status 0 (successful).
  INFO [103b66c3] Running /usr/bin/env git archive master | /usr/bin/env tar -x -f - -C /kunden/homepages/45/d661400636/htdocs/phi/phi_cap/releases/20171207215713 as u87627064@home661400636.1and1-data.host
 DEBUG [103b66c3] Command: cd /kunden/homepages/45/d661400636/htdocs/phi/phi_cap/repo && ( export GIT_ASKPASS="/bin/echo" GIT_SSH="/tmp/git-ssh-phi-production-courtneywilliams.sh" ; /usr/bin/env git archive master | /usr/bin/env tar -x -f - -C /kunden/homepages/45/d661400636/htdocs/phi/phi_cap/releases/20171207215713 )
  INFO [103b66c3] Finished in 0.381 seconds with exit status 0 (successful).
 DEBUG [64cc024f] Running if test ! -d /kunden/homepages/45/d661400636/htdocs/phi/phi_cap/repo; then echo "Directory does not exist '/kunden/homepages/45/d661400636/htdocs/phi/phi_cap/repo'" 1>&2; false; fi as u87627064@home661400636.1and1-data.host
 DEBUG [64cc024f] Command: if test ! -d /kunden/homepages/45/d661400636/htdocs/phi/phi_cap/repo; then echo "Directory does not exist '/kunden/homepages/45/d661400636/htdocs/phi/phi_cap/repo'" 1>&2; false; fi
 DEBUG [64cc024f] Finished in 0.277 seconds with exit status 0 (successful).
 DEBUG [08b7815e] Running /usr/bin/env git rev-list --max-count=1 master as u87627064@home661400636.1and1-data.host
 DEBUG [08b7815e] Command: cd /kunden/homepages/45/d661400636/htdocs/phi/phi_cap/repo && ( export GIT_ASKPASS="/bin/echo" GIT_SSH="/tmp/git-ssh-phi-production-courtneywilliams.sh" ; /usr/bin/env git rev-list --max-count=1 master )
 DEBUG [08b7815e] 	9a08af549c2824183a5ba5226fe49c6adfeb654e
 DEBUG [08b7815e] Finished in 0.274 seconds with exit status 0 (successful).
 DEBUG [8946eb96] Running if test ! -d /kunden/homepages/45/d661400636/htdocs/phi/phi_cap/releases/20171207215713; then echo "Directory does not exist '/kunden/homepages/45/d661400636/htdocs/phi/phi_cap/releases/20171207215713'" 1>&2; false; fi as u87627064@home661400636.1and1-data.host
 DEBUG [8946eb96] Command: if test ! -d /kunden/homepages/45/d661400636/htdocs/phi/phi_cap/releases/20171207215713; then echo "Directory does not exist '/kunden/homepages/45/d661400636/htdocs/phi/phi_cap/releases/20171207215713'" 1>&2; false; fi
 DEBUG [8946eb96] Finished in 0.279 seconds with exit status 0 (successful).
  INFO [326e7fa9] Running /usr/bin/env echo "9a08af549c2824183a5ba5226fe49c6adfeb654e" >> REVISION as u87627064@home661400636.1and1-data.host
 DEBUG [326e7fa9] Command: cd /kunden/homepages/45/d661400636/htdocs/phi/phi_cap/releases/20171207215713 && /usr/bin/env echo "9a08af549c2824183a5ba5226fe49c6adfeb654e" >> REVISION
  INFO [326e7fa9] Finished in 0.276 seconds with exit status 0 (successful).
  INFO [182b5328] Running /usr/bin/env mkdir -p /kunden/homepages/45/d661400636/htdocs/phi/phi_cap/releases/20171207215713 /kunden/homepages/45/d661400636/htdocs/phi/phi_cap/releases/20171207215713/tmp /kunden/homepages/45/d661400636/htdocs/phi/phi_cap/releases/20171207215713/public as u87627064@home661400636.1and1-data.host
 DEBUG [182b5328] Command: /usr/bin/env mkdir -p /kunden/homepages/45/d661400636/htdocs/phi/phi_cap/releases/20171207215713 /kunden/homepages/45/d661400636/htdocs/phi/phi_cap/releases/20171207215713/tmp /kunden/homepages/45/d661400636/htdocs/phi/phi_cap/releases/20171207215713/public
  INFO [182b5328] Finished in 0.275 seconds with exit status 0 (successful).
 DEBUG [44e93524] Running [ -L /kunden/homepages/45/d661400636/htdocs/phi/phi_cap/releases/20171207215713/log ] as u87627064@home661400636.1and1-data.host
 DEBUG [44e93524] Command: [ -L /kunden/homepages/45/d661400636/htdocs/phi/phi_cap/releases/20171207215713/log ]
 DEBUG [44e93524] Finished in 0.272 seconds with exit status 1 (failed).
 DEBUG [42bbe036] Running [ -d /kunden/homepages/45/d661400636/htdocs/phi/phi_cap/releases/20171207215713/log ] as u87627064@home661400636.1and1-data.host
 DEBUG [42bbe036] Command: [ -d /kunden/homepages/45/d661400636/htdocs/phi/phi_cap/releases/20171207215713/log ]
 DEBUG [42bbe036] Finished in 0.275 seconds with exit status 0 (successful).
  INFO [1f28fec5] Running /usr/bin/env rm -rf /kunden/homepages/45/d661400636/htdocs/phi/phi_cap/releases/20171207215713/log as u87627064@home661400636.1and1-data.host
 DEBUG [1f28fec5] Command: /usr/bin/env rm -rf /kunden/homepages/45/d661400636/htdocs/phi/phi_cap/releases/20171207215713/log
  INFO [1f28fec5] Finished in 0.274 seconds with exit status 0 (successful).
  INFO [eb11ad8a] Running /usr/bin/env ln -s /kunden/homepages/45/d661400636/htdocs/phi/phi_cap/shared/log /kunden/homepages/45/d661400636/htdocs/phi/phi_cap/releases/20171207215713/log as u87627064@home661400636.1and1-data.host
 DEBUG [eb11ad8a] Command: /usr/bin/env ln -s /kunden/homepages/45/d661400636/htdocs/phi/phi_cap/shared/log /kunden/homepages/45/d661400636/htdocs/phi/phi_cap/releases/20171207215713/log
  INFO [eb11ad8a] Finished in 0.403 seconds with exit status 0 (successful).
 DEBUG [b245b727] Running [ -L /kunden/homepages/45/d661400636/htdocs/phi/phi_cap/releases/20171207215713/tmp/pids ] as u87627064@home661400636.1and1-data.host
 DEBUG [b245b727] Command: [ -L /kunden/homepages/45/d661400636/htdocs/phi/phi_cap/releases/20171207215713/tmp/pids ]
 DEBUG [b245b727] Finished in 0.426 seconds with exit status 1 (failed).
 DEBUG [bb66829f] Running [ -d /kunden/homepages/45/d661400636/htdocs/phi/phi_cap/releases/20171207215713/tmp/pids ] as u87627064@home661400636.1and1-data.host
 DEBUG [bb66829f] Command: [ -d /kunden/homepages/45/d661400636/htdocs/phi/phi_cap/releases/20171207215713/tmp/pids ]
 DEBUG [bb66829f] Finished in 0.502 seconds with exit status 1 (failed).
  INFO [eab611ce] Running /usr/bin/env ln -s /kunden/homepages/45/d661400636/htdocs/phi/phi_cap/shared/tmp/pids /kunden/homepages/45/d661400636/htdocs/phi/phi_cap/releases/20171207215713/tmp/pids as u87627064@home661400636.1and1-data.host
 DEBUG [eab611ce] Command: /usr/bin/env ln -s /kunden/homepages/45/d661400636/htdocs/phi/phi_cap/shared/tmp/pids /kunden/homepages/45/d661400636/htdocs/phi/phi_cap/releases/20171207215713/tmp/pids
  INFO [eab611ce] Finished in 0.473 seconds with exit status 0 (successful).
 DEBUG [5082aaba] Running [ -L /kunden/homepages/45/d661400636/htdocs/phi/phi_cap/releases/20171207215713/tmp/cache ] as u87627064@home661400636.1and1-data.host
 DEBUG [5082aaba] Command: [ -L /kunden/homepages/45/d661400636/htdocs/phi/phi_cap/releases/20171207215713/tmp/cache ]
 DEBUG [5082aaba] Finished in 0.513 seconds with exit status 1 (failed).
 DEBUG [26bef7f7] Running [ -d /kunden/homepages/45/d661400636/htdocs/phi/phi_cap/releases/20171207215713/tmp/cache ] as u87627064@home661400636.1and1-data.host
 DEBUG [26bef7f7] Command: [ -d /kunden/homepages/45/d661400636/htdocs/phi/phi_cap/releases/20171207215713/tmp/cache ]
 DEBUG [26bef7f7] Finished in 0.474 seconds with exit status 1 (failed).
  INFO [1fed0731] Running /usr/bin/env ln -s /kunden/homepages/45/d661400636/htdocs/phi/phi_cap/shared/tmp/cache /kunden/homepages/45/d661400636/htdocs/phi/phi_cap/releases/20171207215713/tmp/cache as u87627064@home661400636.1and1-data.host
 DEBUG [1fed0731] Command: /usr/bin/env ln -s /kunden/homepages/45/d661400636/htdocs/phi/phi_cap/shared/tmp/cache /kunden/homepages/45/d661400636/htdocs/phi/phi_cap/releases/20171207215713/tmp/cache
  INFO [1fed0731] Finished in 0.513 seconds with exit status 0 (successful).
 DEBUG [a03c43d4] Running [ -L /kunden/homepages/45/d661400636/htdocs/phi/phi_cap/releases/20171207215713/tmp/sockets ] as u87627064@home661400636.1and1-data.host
 DEBUG [a03c43d4] Command: [ -L /kunden/homepages/45/d661400636/htdocs/phi/phi_cap/releases/20171207215713/tmp/sockets ]
 DEBUG [a03c43d4] Finished in 0.477 seconds with exit status 1 (failed).
 DEBUG [5d43e9f6] Running [ -d /kunden/homepages/45/d661400636/htdocs/phi/phi_cap/releases/20171207215713/tmp/sockets ] as u87627064@home661400636.1and1-data.host
 DEBUG [5d43e9f6] Command: [ -d /kunden/homepages/45/d661400636/htdocs/phi/phi_cap/releases/20171207215713/tmp/sockets ]
 DEBUG [5d43e9f6] Finished in 0.410 seconds with exit status 1 (failed).
  INFO [f3e9e530] Running /usr/bin/env ln -s /kunden/homepages/45/d661400636/htdocs/phi/phi_cap/shared/tmp/sockets /kunden/homepages/45/d661400636/htdocs/phi/phi_cap/releases/20171207215713/tmp/sockets as u87627064@home661400636.1and1-data.host
 DEBUG [f3e9e530] Command: /usr/bin/env ln -s /kunden/homepages/45/d661400636/htdocs/phi/phi_cap/shared/tmp/sockets /kunden/homepages/45/d661400636/htdocs/phi/phi_cap/releases/20171207215713/tmp/sockets
  INFO [f3e9e530] Finished in 0.494 seconds with exit status 0 (successful).
 DEBUG [dd6fdaac] Running [ -L /kunden/homepages/45/d661400636/htdocs/phi/phi_cap/releases/20171207215713/public/system ] as u87627064@home661400636.1and1-data.host
 DEBUG [dd6fdaac] Command: [ -L /kunden/homepages/45/d661400636/htdocs/phi/phi_cap/releases/20171207215713/public/system ]
 DEBUG [dd6fdaac] Finished in 0.476 seconds with exit status 1 (failed).
 DEBUG [41f3ca90] Running [ -d /kunden/homepages/45/d661400636/htdocs/phi/phi_cap/releases/20171207215713/public/system ] as u87627064@home661400636.1and1-data.host
 DEBUG [41f3ca90] Command: [ -d /kunden/homepages/45/d661400636/htdocs/phi/phi_cap/releases/20171207215713/public/system ]
 DEBUG [41f3ca90] Finished in 0.523 seconds with exit status 1 (failed).
  INFO [f2fa2daa] Running /usr/bin/env ln -s /kunden/homepages/45/d661400636/htdocs/phi/phi_cap/shared/public/system /kunden/homepages/45/d661400636/htdocs/phi/phi_cap/releases/20171207215713/public/system as u87627064@home661400636.1and1-data.host
 DEBUG [f2fa2daa] Command: /usr/bin/env ln -s /kunden/homepages/45/d661400636/htdocs/phi/phi_cap/shared/public/system /kunden/homepages/45/d661400636/htdocs/phi/phi_cap/releases/20171207215713/public/system
  INFO [f2fa2daa] Finished in 0.462 seconds with exit status 0 (successful).
  INFO [b2c5a67d] Running /usr/bin/env ln -s /kunden/homepages/45/d661400636/htdocs/phi/phi_cap/releases/20171207215713 /kunden/homepages/45/d661400636/htdocs/phi/phi_cap/releases/current as u87627064@home661400636.1and1-data.host
 DEBUG [b2c5a67d] Command: /usr/bin/env ln -s /kunden/homepages/45/d661400636/htdocs/phi/phi_cap/releases/20171207215713 /kunden/homepages/45/d661400636/htdocs/phi/phi_cap/releases/current
  INFO [b2c5a67d] Finished in 0.506 seconds with exit status 0 (successful).
  INFO [b81d900d] Running /usr/bin/env mv /kunden/homepages/45/d661400636/htdocs/phi/phi_cap/releases/current /kunden/homepages/45/d661400636/htdocs/phi/phi_cap as u87627064@home661400636.1and1-data.host
 DEBUG [b81d900d] Command: /usr/bin/env mv /kunden/homepages/45/d661400636/htdocs/phi/phi_cap/releases/current /kunden/homepages/45/d661400636/htdocs/phi/phi_cap
  INFO [b81d900d] Finished in 0.424 seconds with exit status 0 (successful).
 DEBUG [26025128] Running /usr/bin/env ls -x /kunden/homepages/45/d661400636/htdocs/phi/phi_cap/releases as u87627064@home661400636.1and1-data.host
 DEBUG [26025128] Command: /usr/bin/env ls -x /kunden/homepages/45/d661400636/htdocs/phi/phi_cap/releases
 DEBUG [26025128] 	20171207173343	20171207214600	20171207215713
 DEBUG [26025128] Finished in 0.269 seconds with exit status 0 (successful).
 DEBUG [598ac5c9] Running if test ! -d /kunden/homepages/45/d661400636/htdocs/phi/phi_cap/releases; then echo "Directory does not exist '/kunden/homepages/45/d661400636/htdocs/phi/phi_cap/releases'" 1>&2; false; fi as u87627064@home661400636.1and1-data.host
 DEBUG [598ac5c9] Command: if test ! -d /kunden/homepages/45/d661400636/htdocs/phi/phi_cap/releases; then echo "Directory does not exist '/kunden/homepages/45/d661400636/htdocs/phi/phi_cap/releases'" 1>&2; false; fi
 DEBUG [598ac5c9] Finished in 0.278 seconds with exit status 0 (successful).
  INFO [41dc9d0c] Running /usr/bin/env echo "Branch master (at 9a08af549c2824183a5ba5226fe49c6adfeb654e) deployed as release 20171207215713 by courtneywilliams" >> /kunden/homepages/45/d661400636/htdocs/phi/phi_cap/revisions.log as u87627064@home661400636.1and1-data.host
 DEBUG [41dc9d0c] Command: cd /kunden/homepages/45/d661400636/htdocs/phi/phi_cap/releases && /usr/bin/env echo "Branch master (at 9a08af549c2824183a5ba5226fe49c6adfeb654e) deployed as release 20171207215713 by courtneywilliams" >> /kunden/homepages/45/d661400636/htdocs/phi/phi_cap/revisions.log
  INFO [41dc9d0c] Finished in 0.273 seconds with exit status 0 (successful).
